[0.547s] Invoking command in '/home/robot/ros2_ws/build/protocol_stm32': PYTHONPATH=/home/robot/ros2_ws/build/protocol_stm32/prefix_override:/usr/lib/python3/dist-packages/colcon_core/task/python/colcon_distutils_commands:/home/robot/ros2_ws/install/protocol_stm32/lib/python3.10/site-packages:${PYTHONPATH} /usr/bin/python3 -W ignore:setup.py install is deprecated setup.py develop --editable --build-directory /home/robot/ros2_ws/build/protocol_stm32/build --no-deps symlink_data --force
[0.785s] running develop
[0.786s] /usr/lib/python3/dist-packages/setuptools/command/easy_install.py:158: EasyInstallDeprecationWarning: easy_install command is deprecated. Use build and pip and other standards-based tools.
[0.786s]   warnings.warn(
[0.923s] running egg_info
[0.923s] writing protocol_stm32.egg-info/PKG-INFO
[0.923s] writing dependency_links to protocol_stm32.egg-info/dependency_links.txt
[0.923s] writing entry points to protocol_stm32.egg-info/entry_points.txt
[0.923s] writing requirements to protocol_stm32.egg-info/requires.txt
[0.923s] writing top-level names to protocol_stm32.egg-info/top_level.txt
[0.925s] reading manifest file 'protocol_stm32.egg-info/SOURCES.txt'
[0.926s] writing manifest file 'protocol_stm32.egg-info/SOURCES.txt'
[0.927s] running build_ext
[0.927s] Creating /home/robot/ros2_ws/install/protocol_stm32/lib/python3.10/site-packages/protocol-stm32.egg-link (link to .)
[0.928s] Installing protocol_stm32 script to /home/robot/ros2_ws/install/protocol_stm32/lib/protocol_stm32
[0.928s] 
[0.928s] Installed /home/robot/ros2_ws/build/protocol_stm32
[0.929s] running symlink_data
[0.929s] symbolically linking /home/robot/ros2_ws/build/protocol_stm32/resource/protocol_stm32 -> /home/robot/ros2_ws/install/protocol_stm32/share/ament_index/resource_index/packages
[0.929s] symbolically linking /home/robot/ros2_ws/build/protocol_stm32/package.xml -> /home/robot/ros2_ws/install/protocol_stm32/share/protocol_stm32
[0.960s] Invoked command in '/home/robot/ros2_ws/build/protocol_stm32' returned '0': PYTHONPATH=/home/robot/ros2_ws/build/protocol_stm32/prefix_override:/usr/lib/python3/dist-packages/colcon_core/task/python/colcon_distutils_commands:/home/robot/ros2_ws/install/protocol_stm32/lib/python3.10/site-packages:${PYTHONPATH} /usr/bin/python3 -W ignore:setup.py install is deprecated setup.py develop --editable --build-directory /home/robot/ros2_ws/build/protocol_stm32/build --no-deps symlink_data --force
