[0.102s] DEBUG:colcon:Command line arguments: ['/usr/bin/colcon', 'build', '--symlink-install']
[0.102s] DEBUG:colcon:Parsed command line arguments: Namespace(log_base=None, log_level=None, verb_name='build', build_base='build', install_base='install', merge_install=False, symlink_install=True, test_result_base=None, continue_on_error=False, executor='parallel', parallel_workers=4, event_handlers=None, ignore_user_meta=False, metas=['./colcon.meta'], base_paths=['.'], packages_ignore=None, packages_ignore_regex=None, paths=None, packages_up_to=None, packages_up_to_regex=None, packages_above=None, packages_above_and_dependencies=None, packages_above_depth=None, packages_select_by_dep=None, packages_skip_by_dep=None, packages_skip_up_to=None, packages_select_build_failed=False, packages_skip_build_finished=False, packages_select_test_failures=False, packages_skip_test_passed=False, packages_select=None, packages_skip=None, packages_select_regex=None, packages_skip_regex=None, packages_start=None, packages_end=None, allow_overriding=[], cmake_args=None, cmake_target=None, cmake_target_skip_unavailable=False, cmake_clean_cache=False, cmake_clean_first=False, cmake_force_configure=False, ament_cmake_args=None, catkin_cmake_args=None, catkin_skip_building_tests=False, verb_parser=<colcon_defaults.argument_parser.defaults.DefaultArgumentsDecorator object at 0x768d18e1bac0>, verb_extension=<colcon_core.verb.build.BuildVerb object at 0x768d18e1b5b0>, main=<bound method BuildVerb.main of <colcon_core.verb.build.BuildVerb object at 0x768d18e1b5b0>>)
[0.253s] Level 1:colcon.colcon_core.package_discovery:discover_packages(colcon_meta) check parameters
[0.253s] Level 1:colcon.colcon_core.package_discovery:discover_packages(recursive) check parameters
[0.253s] Level 1:colcon.colcon_core.package_discovery:discover_packages(ignore) check parameters
[0.253s] Level 1:colcon.colcon_core.package_discovery:discover_packages(path) check parameters
[0.253s] Level 1:colcon.colcon_core.package_discovery:discover_packages(colcon_meta) discover
[0.254s] Level 1:colcon.colcon_core.package_discovery:discover_packages(recursive) discover
[0.254s] INFO:colcon.colcon_core.package_discovery:Crawling recursively for packages in '/home/robot/ros2_ws'
[0.254s] Level 1:colcon.colcon_core.package_identification:_identify(.) by extensions ['ignore', 'ignore_ament_install']
[0.254s] Level 1:colcon.colcon_core.package_identification:_identify(.) by extension 'ignore'
[0.254s] Level 1:colcon.colcon_core.package_identification:_identify(.) by extension 'ignore_ament_install'
[0.254s] Level 1:colcon.colcon_core.package_identification:_identify(.) by extensions ['colcon_pkg']
[0.254s] Level 1:colcon.colcon_core.package_identification:_identify(.) by extension 'colcon_pkg'
[0.254s] Level 1:colcon.colcon_core.package_identification:_identify(.) by extensions ['colcon_meta']
[0.254s] Level 1:colcon.colcon_core.package_identification:_identify(.) by extension 'colcon_meta'
[0.254s] Level 1:colcon.colcon_core.package_identification:_identify(.) by extensions ['ros']
[0.254s] Level 1:colcon.colcon_core.package_identification:_identify(.) by extension 'ros'
[0.265s] Level 1:colcon.colcon_core.package_identification:_identify(.) by extensions ['cmake', 'python']
[0.265s] Level 1:colcon.colcon_core.package_identification:_identify(.) by extension 'cmake'
[0.265s] Level 1:colcon.colcon_core.package_identification:_identify(.) by extension 'python'
[0.266s] Level 1:colcon.colcon_core.package_identification:_identify(.) by extensions ['python_setup_py']
[0.266s] Level 1:colcon.colcon_core.package_identification:_identify(.) by extension 'python_setup_py'
[0.266s] Level 1:colcon.colcon_core.package_identification:_identify(build) by extensions ['ignore', 'ignore_ament_install']
[0.266s] Level 1:colcon.colcon_core.package_identification:_identify(build) by extension 'ignore'
[0.266s] Level 1:colcon.colcon_core.package_identification:_identify(build) ignored
[0.266s] Level 1:colcon.colcon_core.package_identification:_identify(install) by extensions ['ignore', 'ignore_ament_install']
[0.266s] Level 1:colcon.colcon_core.package_identification:_identify(install) by extension 'ignore'
[0.266s] Level 1:colcon.colcon_core.package_identification:_identify(install) ignored
[0.266s] Level 1:colcon.colcon_core.package_identification:_identify(log) by extensions ['ignore', 'ignore_ament_install']
[0.266s] Level 1:colcon.colcon_core.package_identification:_identify(log) by extension 'ignore'
[0.266s] Level 1:colcon.colcon_core.package_identification:_identify(log) ignored
[0.266s] Level 1:colcon.colcon_core.package_identification:_identify(src) by extensions ['ignore', 'ignore_ament_install']
[0.266s] Level 1:colcon.colcon_core.package_identification:_identify(src) by extension 'ignore'
[0.266s] Level 1:colcon.colcon_core.package_identification:_identify(src) by extension 'ignore_ament_install'
[0.267s] Level 1:colcon.colcon_core.package_identification:_identify(src) by extensions ['colcon_pkg']
[0.267s] Level 1:colcon.colcon_core.package_identification:_identify(src) by extension 'colcon_pkg'
[0.267s] Level 1:colcon.colcon_core.package_identification:_identify(src) by extensions ['colcon_meta']
[0.267s] Level 1:colcon.colcon_core.package_identification:_identify(src) by extension 'colcon_meta'
[0.267s] Level 1:colcon.colcon_core.package_identification:_identify(src) by extensions ['ros']
[0.267s] Level 1:colcon.colcon_core.package_identification:_identify(src) by extension 'ros'
[0.267s] Level 1:colcon.colcon_core.package_identification:_identify(src) by extensions ['cmake', 'python']
[0.267s] Level 1:colcon.colcon_core.package_identification:_identify(src) by extension 'cmake'
[0.267s] Level 1:colcon.colcon_core.package_identification:_identify(src) by extension 'python'
[0.267s] Level 1:colcon.colcon_core.package_identification:_identify(src) by extensions ['python_setup_py']
[0.267s] Level 1:colcon.colcon_core.package_identification:_identify(src) by extension 'python_setup_py'
[0.267s] Level 1:colcon.colcon_core.package_identification:_identify(src/kiss-icp) by extensions ['ignore', 'ignore_ament_install']
[0.267s] Level 1:colcon.colcon_core.package_identification:_identify(src/kiss-icp) by extension 'ignore'
[0.267s] Level 1:colcon.colcon_core.package_identification:_identify(src/kiss-icp) by extension 'ignore_ament_install'
[0.267s] Level 1:colcon.colcon_core.package_identification:_identify(src/kiss-icp) by extensions ['colcon_pkg']
[0.267s] Level 1:colcon.colcon_core.package_identification:_identify(src/kiss-icp) by extension 'colcon_pkg'
[0.267s] Level 1:colcon.colcon_core.package_identification:_identify(src/kiss-icp) by extensions ['colcon_meta']
[0.267s] Level 1:colcon.colcon_core.package_identification:_identify(src/kiss-icp) by extension 'colcon_meta'
[0.267s] Level 1:colcon.colcon_core.package_identification:_identify(src/kiss-icp) by extensions ['ros']
[0.267s] Level 1:colcon.colcon_core.package_identification:_identify(src/kiss-icp) by extension 'ros'
[0.267s] Level 1:colcon.colcon_core.package_identification:_identify(src/kiss-icp) by extensions ['cmake', 'python']
[0.267s] Level 1:colcon.colcon_core.package_identification:_identify(src/kiss-icp) by extension 'cmake'
[0.267s] Level 1:colcon.colcon_core.package_identification:_identify(src/kiss-icp) by extension 'python'
[0.267s] Level 1:colcon.colcon_core.package_identification:_identify(src/kiss-icp) by extensions ['python_setup_py']
[0.268s] Level 1:colcon.colcon_core.package_identification:_identify(src/kiss-icp) by extension 'python_setup_py'
[0.268s] Level 1:colcon.colcon_core.package_identification:_identify(src/kiss-icp/config) by extensions ['ignore', 'ignore_ament_install']
[0.268s] Level 1:colcon.colcon_core.package_identification:_identify(src/kiss-icp/config) by extension 'ignore'
[0.268s] Level 1:colcon.colcon_core.package_identification:_identify(src/kiss-icp/config) by extension 'ignore_ament_install'
[0.268s] Level 1:colcon.colcon_core.package_identification:_identify(src/kiss-icp/config) by extensions ['colcon_pkg']
[0.268s] Level 1:colcon.colcon_core.package_identification:_identify(src/kiss-icp/config) by extension 'colcon_pkg'
[0.268s] Level 1:colcon.colcon_core.package_identification:_identify(src/kiss-icp/config) by extensions ['colcon_meta']
[0.268s] Level 1:colcon.colcon_core.package_identification:_identify(src/kiss-icp/config) by extension 'colcon_meta'
[0.268s] Level 1:colcon.colcon_core.package_identification:_identify(src/kiss-icp/config) by extensions ['ros']
[0.268s] Level 1:colcon.colcon_core.package_identification:_identify(src/kiss-icp/config) by extension 'ros'
[0.268s] Level 1:colcon.colcon_core.package_identification:_identify(src/kiss-icp/config) by extensions ['cmake', 'python']
[0.268s] Level 1:colcon.colcon_core.package_identification:_identify(src/kiss-icp/config) by extension 'cmake'
[0.268s] Level 1:colcon.colcon_core.package_identification:_identify(src/kiss-icp/config) by extension 'python'
[0.268s] Level 1:colcon.colcon_core.package_identification:_identify(src/kiss-icp/config) by extensions ['python_setup_py']
[0.268s] Level 1:colcon.colcon_core.package_identification:_identify(src/kiss-icp/config) by extension 'python_setup_py'
[0.268s] Level 1:colcon.colcon_core.package_identification:_identify(src/kiss-icp/cpp) by extensions ['ignore', 'ignore_ament_install']
[0.268s] Level 1:colcon.colcon_core.package_identification:_identify(src/kiss-icp/cpp) by extension 'ignore'
[0.268s] Level 1:colcon.colcon_core.package_identification:_identify(src/kiss-icp/cpp) ignored
[0.268s] Level 1:colcon.colcon_core.package_identification:_identify(src/kiss-icp/eval) by extensions ['ignore', 'ignore_ament_install']
[0.269s] Level 1:colcon.colcon_core.package_identification:_identify(src/kiss-icp/eval) by extension 'ignore'
[0.269s] Level 1:colcon.colcon_core.package_identification:_identify(src/kiss-icp/eval) by extension 'ignore_ament_install'
[0.269s] Level 1:colcon.colcon_core.package_identification:_identify(src/kiss-icp/eval) by extensions ['colcon_pkg']
[0.269s] Level 1:colcon.colcon_core.package_identification:_identify(src/kiss-icp/eval) by extension 'colcon_pkg'
[0.269s] Level 1:colcon.colcon_core.package_identification:_identify(src/kiss-icp/eval) by extensions ['colcon_meta']
[0.269s] Level 1:colcon.colcon_core.package_identification:_identify(src/kiss-icp/eval) by extension 'colcon_meta'
[0.269s] Level 1:colcon.colcon_core.package_identification:_identify(src/kiss-icp/eval) by extensions ['ros']
[0.269s] Level 1:colcon.colcon_core.package_identification:_identify(src/kiss-icp/eval) by extension 'ros'
[0.269s] Level 1:colcon.colcon_core.package_identification:_identify(src/kiss-icp/eval) by extensions ['cmake', 'python']
[0.269s] Level 1:colcon.colcon_core.package_identification:_identify(src/kiss-icp/eval) by extension 'cmake'
[0.269s] Level 1:colcon.colcon_core.package_identification:_identify(src/kiss-icp/eval) by extension 'python'
[0.269s] Level 1:colcon.colcon_core.package_identification:_identify(src/kiss-icp/eval) by extensions ['python_setup_py']
[0.269s] Level 1:colcon.colcon_core.package_identification:_identify(src/kiss-icp/eval) by extension 'python_setup_py'
[0.269s] Level 1:colcon.colcon_core.package_identification:_identify(src/kiss-icp/python) by extensions ['ignore', 'ignore_ament_install']
[0.269s] Level 1:colcon.colcon_core.package_identification:_identify(src/kiss-icp/python) by extension 'ignore'
[0.269s] Level 1:colcon.colcon_core.package_identification:_identify(src/kiss-icp/python) ignored
[0.269s] Level 1:colcon.colcon_core.package_identification:_identify(src/kiss-icp/ros) by extensions ['ignore', 'ignore_ament_install']
[0.269s] Level 1:colcon.colcon_core.package_identification:_identify(src/kiss-icp/ros) by extension 'ignore'
[0.269s] Level 1:colcon.colcon_core.package_identification:_identify(src/kiss-icp/ros) by extension 'ignore_ament_install'
[0.269s] Level 1:colcon.colcon_core.package_identification:_identify(src/kiss-icp/ros) by extensions ['colcon_pkg']
[0.269s] Level 1:colcon.colcon_core.package_identification:_identify(src/kiss-icp/ros) by extension 'colcon_pkg'
[0.270s] Level 1:colcon.colcon_core.package_identification:_identify(src/kiss-icp/ros) by extensions ['colcon_meta']
[0.270s] Level 1:colcon.colcon_core.package_identification:_identify(src/kiss-icp/ros) by extension 'colcon_meta'
[0.270s] Level 1:colcon.colcon_core.package_identification:_identify(src/kiss-icp/ros) by extensions ['ros']
[0.270s] Level 1:colcon.colcon_core.package_identification:_identify(src/kiss-icp/ros) by extension 'ros'
[0.273s] DEBUG:colcon.colcon_core.package_identification:Package 'src/kiss-icp/ros' with type 'ros.ament_cmake' and name 'kiss_icp'
[0.273s] Level 1:colcon.colcon_core.package_identification:_identify(src/lidar_package) by extensions ['ignore', 'ignore_ament_install']
[0.273s] Level 1:colcon.colcon_core.package_identification:_identify(src/lidar_package) by extension 'ignore'
[0.273s] Level 1:colcon.colcon_core.package_identification:_identify(src/lidar_package) by extension 'ignore_ament_install'
[0.273s] Level 1:colcon.colcon_core.package_identification:_identify(src/lidar_package) by extensions ['colcon_pkg']
[0.273s] Level 1:colcon.colcon_core.package_identification:_identify(src/lidar_package) by extension 'colcon_pkg'
[0.273s] Level 1:colcon.colcon_core.package_identification:_identify(src/lidar_package) by extensions ['colcon_meta']
[0.273s] Level 1:colcon.colcon_core.package_identification:_identify(src/lidar_package) by extension 'colcon_meta'
[0.273s] Level 1:colcon.colcon_core.package_identification:_identify(src/lidar_package) by extensions ['ros']
[0.273s] Level 1:colcon.colcon_core.package_identification:_identify(src/lidar_package) by extension 'ros'
[0.274s] DEBUG:colcon.colcon_core.package_identification:Package 'src/lidar_package' with type 'ros.ament_python' and name 'lidar_package'
[0.274s] Level 1:colcon.colcon_core.package_identification:_identify(src/protocol_stm32) by extensions ['ignore', 'ignore_ament_install']
[0.274s] Level 1:colcon.colcon_core.package_identification:_identify(src/protocol_stm32) by extension 'ignore'
[0.274s] Level 1:colcon.colcon_core.package_identification:_identify(src/protocol_stm32) by extension 'ignore_ament_install'
[0.274s] Level 1:colcon.colcon_core.package_identification:_identify(src/protocol_stm32) by extensions ['colcon_pkg']
[0.274s] Level 1:colcon.colcon_core.package_identification:_identify(src/protocol_stm32) by extension 'colcon_pkg'
[0.274s] Level 1:colcon.colcon_core.package_identification:_identify(src/protocol_stm32) by extensions ['colcon_meta']
[0.274s] Level 1:colcon.colcon_core.package_identification:_identify(src/protocol_stm32) by extension 'colcon_meta'
[0.274s] Level 1:colcon.colcon_core.package_identification:_identify(src/protocol_stm32) by extensions ['ros']
[0.274s] Level 1:colcon.colcon_core.package_identification:_identify(src/protocol_stm32) by extension 'ros'
[0.275s] DEBUG:colcon.colcon_core.package_identification:Package 'src/protocol_stm32' with type 'ros.ament_python' and name 'protocol_stm32'
[0.275s] Level 1:colcon.colcon_core.package_identification:_identify(src/sllidar_ros2) by extensions ['ignore', 'ignore_ament_install']
[0.275s] Level 1:colcon.colcon_core.package_identification:_identify(src/sllidar_ros2) by extension 'ignore'
[0.275s] Level 1:colcon.colcon_core.package_identification:_identify(src/sllidar_ros2) by extension 'ignore_ament_install'
[0.275s] Level 1:colcon.colcon_core.package_identification:_identify(src/sllidar_ros2) by extensions ['colcon_pkg']
[0.275s] Level 1:colcon.colcon_core.package_identification:_identify(src/sllidar_ros2) by extension 'colcon_pkg'
[0.275s] Level 1:colcon.colcon_core.package_identification:_identify(src/sllidar_ros2) by extensions ['colcon_meta']
[0.275s] Level 1:colcon.colcon_core.package_identification:_identify(src/sllidar_ros2) by extension 'colcon_meta'
[0.275s] Level 1:colcon.colcon_core.package_identification:_identify(src/sllidar_ros2) by extensions ['ros']
[0.275s] Level 1:colcon.colcon_core.package_identification:_identify(src/sllidar_ros2) by extension 'ros'
[0.276s] DEBUG:colcon.colcon_core.package_identification:Package 'src/sllidar_ros2' with type 'ros.ament_cmake' and name 'sllidar_ros2'
[0.276s] Level 1:colcon.colcon_core.package_discovery:discover_packages(recursive) using defaults
[0.276s] Level 1:colcon.colcon_core.package_discovery:discover_packages(ignore) discover
[0.276s] Level 1:colcon.colcon_core.package_discovery:discover_packages(ignore) using defaults
[0.276s] Level 1:colcon.colcon_core.package_discovery:discover_packages(path) discover
[0.276s] Level 1:colcon.colcon_core.package_discovery:discover_packages(path) using defaults
[0.295s] Level 1:colcon.colcon_core.package_discovery:discover_packages(prefix_path) check parameters
[0.295s] Level 1:colcon.colcon_core.package_discovery:discover_packages(prefix_path) discover
[0.297s] DEBUG:colcon.colcon_installed_package_information.package_discovery:Found 4 installed packages in /home/robot/ros2_ws/install
[0.298s] DEBUG:colcon.colcon_installed_package_information.package_discovery:Found 270 installed packages in /opt/ros/humble
[0.300s] Level 1:colcon.colcon_core.package_discovery:discover_packages(prefix_path) using defaults
[0.349s] Level 5:colcon.colcon_core.verb:set package 'kiss_icp' build argument 'cmake_args' from command line to 'None'
[0.349s] Level 5:colcon.colcon_core.verb:set package 'kiss_icp' build argument 'cmake_target' from command line to 'None'
[0.349s] Level 5:colcon.colcon_core.verb:set package 'kiss_icp' build argument 'cmake_target_skip_unavailable' from command line to 'False'
[0.349s] Level 5:colcon.colcon_core.verb:set package 'kiss_icp' build argument 'cmake_clean_cache' from command line to 'False'
[0.349s] Level 5:colcon.colcon_core.verb:set package 'kiss_icp' build argument 'cmake_clean_first' from command line to 'False'
[0.349s] Level 5:colcon.colcon_core.verb:set package 'kiss_icp' build argument 'cmake_force_configure' from command line to 'False'
[0.349s] Level 5:colcon.colcon_core.verb:set package 'kiss_icp' build argument 'ament_cmake_args' from command line to 'None'
[0.349s] Level 5:colcon.colcon_core.verb:set package 'kiss_icp' build argument 'catkin_cmake_args' from command line to 'None'
[0.349s] Level 5:colcon.colcon_core.verb:set package 'kiss_icp' build argument 'catkin_skip_building_tests' from command line to 'False'
[0.349s] DEBUG:colcon.colcon_core.verb:Building package 'kiss_icp' with the following arguments: {'ament_cmake_args': None, 'build_base': '/home/robot/ros2_ws/build/kiss_icp', 'catkin_cmake_args': None, 'catkin_skip_building_tests': False, 'cmake_args': None, 'cmake_clean_cache': False, 'cmake_clean_first': False, 'cmake_force_configure': False, 'cmake_target': None, 'cmake_target_skip_unavailable': False, 'install_base': '/home/robot/ros2_ws/install/kiss_icp', 'merge_install': False, 'path': '/home/robot/ros2_ws/src/kiss-icp/ros', 'symlink_install': True, 'test_result_base': None}
[0.350s] Level 5:colcon.colcon_core.verb:set package 'lidar_package' build argument 'cmake_args' from command line to 'None'
[0.350s] Level 5:colcon.colcon_core.verb:set package 'lidar_package' build argument 'cmake_target' from command line to 'None'
[0.350s] Level 5:colcon.colcon_core.verb:set package 'lidar_package' build argument 'cmake_target_skip_unavailable' from command line to 'False'
[0.350s] Level 5:colcon.colcon_core.verb:set package 'lidar_package' build argument 'cmake_clean_cache' from command line to 'False'
[0.350s] Level 5:colcon.colcon_core.verb:set package 'lidar_package' build argument 'cmake_clean_first' from command line to 'False'
[0.350s] Level 5:colcon.colcon_core.verb:set package 'lidar_package' build argument 'cmake_force_configure' from command line to 'False'
[0.350s] Level 5:colcon.colcon_core.verb:set package 'lidar_package' build argument 'ament_cmake_args' from command line to 'None'
[0.350s] Level 5:colcon.colcon_core.verb:set package 'lidar_package' build argument 'catkin_cmake_args' from command line to 'None'
[0.350s] Level 5:colcon.colcon_core.verb:set package 'lidar_package' build argument 'catkin_skip_building_tests' from command line to 'False'
[0.350s] DEBUG:colcon.colcon_core.verb:Building package 'lidar_package' with the following arguments: {'ament_cmake_args': None, 'build_base': '/home/robot/ros2_ws/build/lidar_package', 'catkin_cmake_args': None, 'catkin_skip_building_tests': False, 'cmake_args': None, 'cmake_clean_cache': False, 'cmake_clean_first': False, 'cmake_force_configure': False, 'cmake_target': None, 'cmake_target_skip_unavailable': False, 'install_base': '/home/robot/ros2_ws/install/lidar_package', 'merge_install': False, 'path': '/home/robot/ros2_ws/src/lidar_package', 'symlink_install': True, 'test_result_base': None}
[0.350s] Level 5:colcon.colcon_core.verb:set package 'protocol_stm32' build argument 'cmake_args' from command line to 'None'
[0.350s] Level 5:colcon.colcon_core.verb:set package 'protocol_stm32' build argument 'cmake_target' from command line to 'None'
[0.350s] Level 5:colcon.colcon_core.verb:set package 'protocol_stm32' build argument 'cmake_target_skip_unavailable' from command line to 'False'
[0.350s] Level 5:colcon.colcon_core.verb:set package 'protocol_stm32' build argument 'cmake_clean_cache' from command line to 'False'
[0.350s] Level 5:colcon.colcon_core.verb:set package 'protocol_stm32' build argument 'cmake_clean_first' from command line to 'False'
[0.350s] Level 5:colcon.colcon_core.verb:set package 'protocol_stm32' build argument 'cmake_force_configure' from command line to 'False'
[0.350s] Level 5:colcon.colcon_core.verb:set package 'protocol_stm32' build argument 'ament_cmake_args' from command line to 'None'
[0.350s] Level 5:colcon.colcon_core.verb:set package 'protocol_stm32' build argument 'catkin_cmake_args' from command line to 'None'
[0.351s] Level 5:colcon.colcon_core.verb:set package 'protocol_stm32' build argument 'catkin_skip_building_tests' from command line to 'False'
[0.351s] DEBUG:colcon.colcon_core.verb:Building package 'protocol_stm32' with the following arguments: {'ament_cmake_args': None, 'build_base': '/home/robot/ros2_ws/build/protocol_stm32', 'catkin_cmake_args': None, 'catkin_skip_building_tests': False, 'cmake_args': None, 'cmake_clean_cache': False, 'cmake_clean_first': False, 'cmake_force_configure': False, 'cmake_target': None, 'cmake_target_skip_unavailable': False, 'install_base': '/home/robot/ros2_ws/install/protocol_stm32', 'merge_install': False, 'path': '/home/robot/ros2_ws/src/protocol_stm32', 'symlink_install': True, 'test_result_base': None}
[0.351s] Level 5:colcon.colcon_core.verb:set package 'sllidar_ros2' build argument 'cmake_args' from command line to 'None'
[0.351s] Level 5:colcon.colcon_core.verb:set package 'sllidar_ros2' build argument 'cmake_target' from command line to 'None'
[0.351s] Level 5:colcon.colcon_core.verb:set package 'sllidar_ros2' build argument 'cmake_target_skip_unavailable' from command line to 'False'
[0.351s] Level 5:colcon.colcon_core.verb:set package 'sllidar_ros2' build argument 'cmake_clean_cache' from command line to 'False'
[0.351s] Level 5:colcon.colcon_core.verb:set package 'sllidar_ros2' build argument 'cmake_clean_first' from command line to 'False'
[0.351s] Level 5:colcon.colcon_core.verb:set package 'sllidar_ros2' build argument 'cmake_force_configure' from command line to 'False'
[0.351s] Level 5:colcon.colcon_core.verb:set package 'sllidar_ros2' build argument 'ament_cmake_args' from command line to 'None'
[0.351s] Level 5:colcon.colcon_core.verb:set package 'sllidar_ros2' build argument 'catkin_cmake_args' from command line to 'None'
[0.351s] Level 5:colcon.colcon_core.verb:set package 'sllidar_ros2' build argument 'catkin_skip_building_tests' from command line to 'False'
[0.351s] DEBUG:colcon.colcon_core.verb:Building package 'sllidar_ros2' with the following arguments: {'ament_cmake_args': None, 'build_base': '/home/robot/ros2_ws/build/sllidar_ros2', 'catkin_cmake_args': None, 'catkin_skip_building_tests': False, 'cmake_args': None, 'cmake_clean_cache': False, 'cmake_clean_first': False, 'cmake_force_configure': False, 'cmake_target': None, 'cmake_target_skip_unavailable': False, 'install_base': '/home/robot/ros2_ws/install/sllidar_ros2', 'merge_install': False, 'path': '/home/robot/ros2_ws/src/sllidar_ros2', 'symlink_install': True, 'test_result_base': None}
[0.351s] INFO:colcon.colcon_core.executor:Executing jobs using 'parallel' executor
[0.352s] DEBUG:colcon.colcon_parallel_executor.executor.parallel:run_until_complete
[0.352s] INFO:colcon.colcon_ros.task.ament_cmake.build:Building ROS package in '/home/robot/ros2_ws/src/kiss-icp/ros' with build type 'ament_cmake'
[0.352s] INFO:colcon.colcon_cmake.task.cmake.build:Building CMake package in '/home/robot/ros2_ws/src/kiss-icp/ros'
[0.355s] INFO:colcon.colcon_core.plugin_system:Skipping extension 'colcon_core.shell.bat': Not used on non-Windows systems
[0.355s] INFO:colcon.colcon_core.shell:Skip shell extension 'powershell' for command environment: Not usable outside of PowerShell
[0.355s] DEBUG:colcon.colcon_core.shell:Skip shell extension 'dsv' for command environment
[0.358s] INFO:colcon.colcon_ros.task.ament_python.build:Building ROS package in '/home/robot/ros2_ws/src/lidar_package' with build type 'ament_python'
[0.358s] Level 1:colcon.colcon_core.shell:create_environment_hook('lidar_package', 'ament_prefix_path')
[0.358s] INFO:colcon.colcon_core.shell:Creating environment hook '/home/robot/ros2_ws/install/lidar_package/share/lidar_package/hook/ament_prefix_path.ps1'
[0.359s] INFO:colcon.colcon_core.shell:Creating environment descriptor '/home/robot/ros2_ws/install/lidar_package/share/lidar_package/hook/ament_prefix_path.dsv'
[0.360s] INFO:colcon.colcon_core.shell:Creating environment hook '/home/robot/ros2_ws/install/lidar_package/share/lidar_package/hook/ament_prefix_path.sh'
[0.361s] INFO:colcon.colcon_core.shell:Skip shell extension 'powershell' for command environment: Not usable outside of PowerShell
[0.361s] DEBUG:colcon.colcon_core.shell:Skip shell extension 'dsv' for command environment
[0.364s] INFO:colcon.colcon_ros.task.ament_python.build:Building ROS package in '/home/robot/ros2_ws/src/protocol_stm32' with build type 'ament_python'
[0.364s] Level 1:colcon.colcon_core.shell:create_environment_hook('protocol_stm32', 'ament_prefix_path')
[0.364s] INFO:colcon.colcon_core.shell:Creating environment hook '/home/robot/ros2_ws/install/protocol_stm32/share/protocol_stm32/hook/ament_prefix_path.ps1'
[0.365s] INFO:colcon.colcon_core.shell:Creating environment descriptor '/home/robot/ros2_ws/install/protocol_stm32/share/protocol_stm32/hook/ament_prefix_path.dsv'
[0.365s] INFO:colcon.colcon_core.shell:Creating environment hook '/home/robot/ros2_ws/install/protocol_stm32/share/protocol_stm32/hook/ament_prefix_path.sh'
[0.366s] INFO:colcon.colcon_core.shell:Skip shell extension 'powershell' for command environment: Not usable outside of PowerShell
[0.366s] DEBUG:colcon.colcon_core.shell:Skip shell extension 'dsv' for command environment
[0.369s] INFO:colcon.colcon_ros.task.ament_cmake.build:Building ROS package in '/home/robot/ros2_ws/src/sllidar_ros2' with build type 'ament_cmake'
[0.369s] INFO:colcon.colcon_cmake.task.cmake.build:Building CMake package in '/home/robot/ros2_ws/src/sllidar_ros2'
[0.369s] INFO:colcon.colcon_core.shell:Skip shell extension 'powershell' for command environment: Not usable outside of PowerShell
[0.369s] DEBUG:colcon.colcon_core.shell:Skip shell extension 'dsv' for command environment
[0.378s] DEBUG:colcon.colcon_core.event_handler.log_command:Invoking command in '/home/robot/ros2_ws/build/kiss_icp': CMAKE_PREFIX_PATH=${CMAKE_PREFIX_PATH}:/home/robot/ros2_ws/install/lidar_package:/home/robot/ros2_ws/install/protocol_stm32:/opt/ros/humble /usr/bin/cmake --build /home/robot/ros2_ws/build/kiss_icp -- -j4 -l4
[0.641s] INFO:colcon.colcon_core.task.python.build:Building Python package in '/home/robot/ros2_ws/src/lidar_package'
[0.641s] INFO:colcon.colcon_core.shell:Skip shell extension 'powershell' for command environment: Not usable outside of PowerShell
[0.642s] DEBUG:colcon.colcon_core.shell:Skip shell extension 'dsv' for command environment
[0.886s] INFO:colcon.colcon_core.task.python.build:Building Python package in '/home/robot/ros2_ws/src/protocol_stm32'
[0.886s] INFO:colcon.colcon_core.shell:Skip shell extension 'powershell' for command environment: Not usable outside of PowerShell
[0.886s] DEBUG:colcon.colcon_core.shell:Skip shell extension 'dsv' for command environment
[0.897s] DEBUG:colcon.colcon_core.event_handler.log_command:Invoking command in '/home/robot/ros2_ws/build/sllidar_ros2': CMAKE_PREFIX_PATH=${CMAKE_PREFIX_PATH}:/home/robot/ros2_ws/install/lidar_package:/home/robot/ros2_ws/install/protocol_stm32:/opt/ros/humble /usr/bin/cmake --build /home/robot/ros2_ws/build/sllidar_ros2 -- -j4 -l4
[0.898s] DEBUG:colcon.colcon_core.event_handler.log_command:Invoked command in '/home/robot/ros2_ws/build/kiss_icp' returned '0': CMAKE_PREFIX_PATH=${CMAKE_PREFIX_PATH}:/home/robot/ros2_ws/install/lidar_package:/home/robot/ros2_ws/install/protocol_stm32:/opt/ros/humble /usr/bin/cmake --build /home/robot/ros2_ws/build/kiss_icp -- -j4 -l4
[0.907s] DEBUG:colcon.colcon_core.event_handler.log_command:Invoking command in '/home/robot/ros2_ws/build/kiss_icp': CMAKE_PREFIX_PATH=${CMAKE_PREFIX_PATH}:/home/robot/ros2_ws/install/lidar_package:/home/robot/ros2_ws/install/protocol_stm32:/opt/ros/humble /usr/bin/cmake --install /home/robot/ros2_ws/build/kiss_icp
[0.953s] Level 1:colcon.colcon_core.environment:create_environment_scripts_only(kiss_icp)
[0.959s] DEBUG:colcon.colcon_core.event_handler.log_command:Invoked command in '/home/robot/ros2_ws/build/kiss_icp' returned '0': CMAKE_PREFIX_PATH=${CMAKE_PREFIX_PATH}:/home/robot/ros2_ws/install/lidar_package:/home/robot/ros2_ws/install/protocol_stm32:/opt/ros/humble /usr/bin/cmake --install /home/robot/ros2_ws/build/kiss_icp
[0.964s] Level 1:colcon.colcon_core.environment:checking '/home/robot/ros2_ws/install/kiss_icp' for CMake module files
[0.964s] Level 1:colcon.colcon_core.environment:checking '/home/robot/ros2_ws/install/kiss_icp' for CMake config files
[0.965s] Level 1:colcon.colcon_core.shell:create_environment_hook('kiss_icp', 'cmake_prefix_path')
[0.965s] INFO:colcon.colcon_core.shell:Creating environment hook '/home/robot/ros2_ws/install/kiss_icp/share/kiss_icp/hook/cmake_prefix_path.ps1'
[0.966s] INFO:colcon.colcon_core.shell:Creating environment descriptor '/home/robot/ros2_ws/install/kiss_icp/share/kiss_icp/hook/cmake_prefix_path.dsv'
[0.967s] INFO:colcon.colcon_core.shell:Creating environment hook '/home/robot/ros2_ws/install/kiss_icp/share/kiss_icp/hook/cmake_prefix_path.sh'
[0.968s] Level 1:colcon.colcon_core.environment:checking '/home/robot/ros2_ws/install/kiss_icp/lib'
[0.969s] Level 1:colcon.colcon_core.shell:create_environment_hook('kiss_icp', 'ld_library_path_lib')
[0.969s] INFO:colcon.colcon_core.shell:Creating environment hook '/home/robot/ros2_ws/install/kiss_icp/share/kiss_icp/hook/ld_library_path_lib.ps1'
[0.970s] INFO:colcon.colcon_core.shell:Creating environment descriptor '/home/robot/ros2_ws/install/kiss_icp/share/kiss_icp/hook/ld_library_path_lib.dsv'
[0.970s] INFO:colcon.colcon_core.shell:Creating environment hook '/home/robot/ros2_ws/install/kiss_icp/share/kiss_icp/hook/ld_library_path_lib.sh'
[0.971s] Level 1:colcon.colcon_core.environment:checking '/home/robot/ros2_ws/install/kiss_icp/bin'
[0.971s] Level 1:colcon.colcon_core.environment:checking '/home/robot/ros2_ws/install/kiss_icp/lib/pkgconfig/kiss_icp.pc'
[0.972s] Level 1:colcon.colcon_core.environment:checking '/home/robot/ros2_ws/install/kiss_icp/lib/python3.10/site-packages'
[0.972s] Level 1:colcon.colcon_core.environment:checking '/home/robot/ros2_ws/install/kiss_icp/bin'
[0.973s] INFO:colcon.colcon_core.shell:Creating package script '/home/robot/ros2_ws/install/kiss_icp/share/kiss_icp/package.ps1'
[0.974s] INFO:colcon.colcon_core.shell:Creating package descriptor '/home/robot/ros2_ws/install/kiss_icp/share/kiss_icp/package.dsv'
[0.975s] INFO:colcon.colcon_core.shell:Creating package script '/home/robot/ros2_ws/install/kiss_icp/share/kiss_icp/package.sh'
[0.977s] INFO:colcon.colcon_core.shell:Creating package script '/home/robot/ros2_ws/install/kiss_icp/share/kiss_icp/package.bash'
[0.978s] INFO:colcon.colcon_core.shell:Creating package script '/home/robot/ros2_ws/install/kiss_icp/share/kiss_icp/package.zsh'
[0.979s] Level 1:colcon.colcon_core.environment:create_file_with_runtime_dependencies(/home/robot/ros2_ws/install/kiss_icp/share/colcon-core/packages/kiss_icp)
[0.981s] Level 1:colcon.colcon_core.environment:create_environment_scripts_only(kiss_icp)
[0.981s] Level 1:colcon.colcon_core.environment:checking '/home/robot/ros2_ws/install/kiss_icp' for CMake module files
[0.982s] Level 1:colcon.colcon_core.environment:checking '/home/robot/ros2_ws/install/kiss_icp' for CMake config files
[0.983s] Level 1:colcon.colcon_core.shell:create_environment_hook('kiss_icp', 'cmake_prefix_path')
[0.983s] INFO:colcon.colcon_core.shell:Creating environment hook '/home/robot/ros2_ws/install/kiss_icp/share/kiss_icp/hook/cmake_prefix_path.ps1'
[0.984s] INFO:colcon.colcon_core.shell:Creating environment descriptor '/home/robot/ros2_ws/install/kiss_icp/share/kiss_icp/hook/cmake_prefix_path.dsv'
[0.984s] INFO:colcon.colcon_core.shell:Creating environment hook '/home/robot/ros2_ws/install/kiss_icp/share/kiss_icp/hook/cmake_prefix_path.sh'
[0.986s] Level 1:colcon.colcon_core.environment:checking '/home/robot/ros2_ws/install/kiss_icp/lib'
[0.987s] Level 1:colcon.colcon_core.shell:create_environment_hook('kiss_icp', 'ld_library_path_lib')
[0.987s] INFO:colcon.colcon_core.shell:Creating environment hook '/home/robot/ros2_ws/install/kiss_icp/share/kiss_icp/hook/ld_library_path_lib.ps1'
[0.988s] INFO:colcon.colcon_core.shell:Creating environment descriptor '/home/robot/ros2_ws/install/kiss_icp/share/kiss_icp/hook/ld_library_path_lib.dsv'
[0.988s] INFO:colcon.colcon_core.shell:Creating environment hook '/home/robot/ros2_ws/install/kiss_icp/share/kiss_icp/hook/ld_library_path_lib.sh'
[0.989s] Level 1:colcon.colcon_core.environment:checking '/home/robot/ros2_ws/install/kiss_icp/bin'
[0.989s] Level 1:colcon.colcon_core.environment:checking '/home/robot/ros2_ws/install/kiss_icp/lib/pkgconfig/kiss_icp.pc'
[0.990s] Level 1:colcon.colcon_core.environment:checking '/home/robot/ros2_ws/install/kiss_icp/lib/python3.10/site-packages'
[0.990s] Level 1:colcon.colcon_core.environment:checking '/home/robot/ros2_ws/install/kiss_icp/bin'
[0.991s] INFO:colcon.colcon_core.shell:Creating package script '/home/robot/ros2_ws/install/kiss_icp/share/kiss_icp/package.ps1'
[0.991s] INFO:colcon.colcon_core.shell:Creating package descriptor '/home/robot/ros2_ws/install/kiss_icp/share/kiss_icp/package.dsv'
[0.992s] INFO:colcon.colcon_core.shell:Creating package script '/home/robot/ros2_ws/install/kiss_icp/share/kiss_icp/package.sh'
[0.993s] INFO:colcon.colcon_core.shell:Creating package script '/home/robot/ros2_ws/install/kiss_icp/share/kiss_icp/package.bash'
[0.994s] INFO:colcon.colcon_core.shell:Creating package script '/home/robot/ros2_ws/install/kiss_icp/share/kiss_icp/package.zsh'
[0.995s] Level 1:colcon.colcon_core.environment:create_file_with_runtime_dependencies(/home/robot/ros2_ws/install/kiss_icp/share/colcon-core/packages/kiss_icp)
[1.032s] DEBUG:colcon.colcon_core.event_handler.log_command:Invoked command in '/home/robot/ros2_ws/build/sllidar_ros2' returned '0': CMAKE_PREFIX_PATH=${CMAKE_PREFIX_PATH}:/home/robot/ros2_ws/install/lidar_package:/home/robot/ros2_ws/install/protocol_stm32:/opt/ros/humble /usr/bin/cmake --build /home/robot/ros2_ws/build/sllidar_ros2 -- -j4 -l4
[1.034s] DEBUG:colcon.colcon_core.event_handler.log_command:Invoking command in '/home/robot/ros2_ws/build/sllidar_ros2': CMAKE_PREFIX_PATH=${CMAKE_PREFIX_PATH}:/home/robot/ros2_ws/install/lidar_package:/home/robot/ros2_ws/install/protocol_stm32:/opt/ros/humble /usr/bin/cmake --install /home/robot/ros2_ws/build/sllidar_ros2
[1.071s] Level 1:colcon.colcon_core.environment:create_environment_scripts_only(sllidar_ros2)
[1.071s] Level 1:colcon.colcon_core.environment:checking '/home/robot/ros2_ws/install/sllidar_ros2' for CMake module files
[1.072s] Level 1:colcon.colcon_core.environment:checking '/home/robot/ros2_ws/install/sllidar_ros2' for CMake config files
[1.072s] Level 1:colcon.colcon_core.shell:create_environment_hook('sllidar_ros2', 'cmake_prefix_path')
[1.073s] INFO:colcon.colcon_core.shell:Creating environment hook '/home/robot/ros2_ws/install/sllidar_ros2/share/sllidar_ros2/hook/cmake_prefix_path.ps1'
[1.074s] DEBUG:colcon.colcon_core.event_handler.log_command:Invoked command in '/home/robot/ros2_ws/build/sllidar_ros2' returned '0': CMAKE_PREFIX_PATH=${CMAKE_PREFIX_PATH}:/home/robot/ros2_ws/install/lidar_package:/home/robot/ros2_ws/install/protocol_stm32:/opt/ros/humble /usr/bin/cmake --install /home/robot/ros2_ws/build/sllidar_ros2
[1.074s] INFO:colcon.colcon_core.shell:Creating environment descriptor '/home/robot/ros2_ws/install/sllidar_ros2/share/sllidar_ros2/hook/cmake_prefix_path.dsv'
[1.074s] INFO:colcon.colcon_core.shell:Creating environment hook '/home/robot/ros2_ws/install/sllidar_ros2/share/sllidar_ros2/hook/cmake_prefix_path.sh'
[1.075s] Level 1:colcon.colcon_core.environment:checking '/home/robot/ros2_ws/install/sllidar_ros2/lib'
[1.075s] Level 1:colcon.colcon_core.environment:checking '/home/robot/ros2_ws/install/sllidar_ros2/bin'
[1.076s] Level 1:colcon.colcon_core.environment:checking '/home/robot/ros2_ws/install/sllidar_ros2/lib/pkgconfig/sllidar_ros2.pc'
[1.076s] Level 1:colcon.colcon_core.environment:checking '/home/robot/ros2_ws/install/sllidar_ros2/lib/python3.10/site-packages'
[1.076s] Level 1:colcon.colcon_core.environment:checking '/home/robot/ros2_ws/install/sllidar_ros2/bin'
[1.077s] INFO:colcon.colcon_core.shell:Creating package script '/home/robot/ros2_ws/install/sllidar_ros2/share/sllidar_ros2/package.ps1'
[1.077s] INFO:colcon.colcon_core.shell:Creating package descriptor '/home/robot/ros2_ws/install/sllidar_ros2/share/sllidar_ros2/package.dsv'
[1.078s] INFO:colcon.colcon_core.shell:Creating package script '/home/robot/ros2_ws/install/sllidar_ros2/share/sllidar_ros2/package.sh'
[1.079s] INFO:colcon.colcon_core.shell:Creating package script '/home/robot/ros2_ws/install/sllidar_ros2/share/sllidar_ros2/package.bash'
[1.079s] INFO:colcon.colcon_core.shell:Creating package script '/home/robot/ros2_ws/install/sllidar_ros2/share/sllidar_ros2/package.zsh'
[1.080s] Level 1:colcon.colcon_core.environment:create_file_with_runtime_dependencies(/home/robot/ros2_ws/install/sllidar_ros2/share/colcon-core/packages/sllidar_ros2)
[1.081s] Level 1:colcon.colcon_core.environment:create_environment_scripts_only(sllidar_ros2)
[1.081s] Level 1:colcon.colcon_core.environment:checking '/home/robot/ros2_ws/install/sllidar_ros2' for CMake module files
[1.082s] Level 1:colcon.colcon_core.environment:checking '/home/robot/ros2_ws/install/sllidar_ros2' for CMake config files
[1.083s] Level 1:colcon.colcon_core.shell:create_environment_hook('sllidar_ros2', 'cmake_prefix_path')
[1.083s] INFO:colcon.colcon_core.shell:Creating environment hook '/home/robot/ros2_ws/install/sllidar_ros2/share/sllidar_ros2/hook/cmake_prefix_path.ps1'
[1.084s] INFO:colcon.colcon_core.shell:Creating environment descriptor '/home/robot/ros2_ws/install/sllidar_ros2/share/sllidar_ros2/hook/cmake_prefix_path.dsv'
[1.084s] INFO:colcon.colcon_core.shell:Creating environment hook '/home/robot/ros2_ws/install/sllidar_ros2/share/sllidar_ros2/hook/cmake_prefix_path.sh'
[1.085s] Level 1:colcon.colcon_core.environment:checking '/home/robot/ros2_ws/install/sllidar_ros2/lib'
[1.085s] Level 1:colcon.colcon_core.environment:checking '/home/robot/ros2_ws/install/sllidar_ros2/bin'
[1.085s] Level 1:colcon.colcon_core.environment:checking '/home/robot/ros2_ws/install/sllidar_ros2/lib/pkgconfig/sllidar_ros2.pc'
[1.086s] Level 1:colcon.colcon_core.environment:checking '/home/robot/ros2_ws/install/sllidar_ros2/lib/python3.10/site-packages'
[1.086s] Level 1:colcon.colcon_core.environment:checking '/home/robot/ros2_ws/install/sllidar_ros2/bin'
[1.086s] INFO:colcon.colcon_core.shell:Creating package script '/home/robot/ros2_ws/install/sllidar_ros2/share/sllidar_ros2/package.ps1'
[1.087s] INFO:colcon.colcon_core.shell:Creating package descriptor '/home/robot/ros2_ws/install/sllidar_ros2/share/sllidar_ros2/package.dsv'
[1.088s] INFO:colcon.colcon_core.shell:Creating package script '/home/robot/ros2_ws/install/sllidar_ros2/share/sllidar_ros2/package.sh'
[1.088s] INFO:colcon.colcon_core.shell:Creating package script '/home/robot/ros2_ws/install/sllidar_ros2/share/sllidar_ros2/package.bash'
[1.089s] INFO:colcon.colcon_core.shell:Creating package script '/home/robot/ros2_ws/install/sllidar_ros2/share/sllidar_ros2/package.zsh'
[1.090s] Level 1:colcon.colcon_core.environment:create_file_with_runtime_dependencies(/home/robot/ros2_ws/install/sllidar_ros2/share/colcon-core/packages/sllidar_ros2)
[1.303s] DEBUG:colcon.colcon_core.event_handler.log_command:Invoking command in '/home/robot/ros2_ws/build/lidar_package': PYTHONPATH=/home/robot/ros2_ws/build/lidar_package/prefix_override:/usr/lib/python3/dist-packages/colcon_core/task/python/colcon_distutils_commands:/home/robot/ros2_ws/install/lidar_package/lib/python3.10/site-packages:${PYTHONPATH} /usr/bin/python3 -W ignore:setup.py install is deprecated -W ignore:easy_install command is deprecated setup.py develop --editable --build-directory /home/robot/ros2_ws/build/lidar_package/build --no-deps symlink_data
[1.327s] DEBUG:colcon.colcon_core.event_handler.log_command:Invoking command in '/home/robot/ros2_ws/build/protocol_stm32': PYTHONPATH=/home/robot/ros2_ws/build/protocol_stm32/prefix_override:/usr/lib/python3/dist-packages/colcon_core/task/python/colcon_distutils_commands:/home/robot/ros2_ws/install/protocol_stm32/lib/python3.10/site-packages:${PYTHONPATH} /usr/bin/python3 -W ignore:setup.py install is deprecated -W ignore:easy_install command is deprecated setup.py develop --editable --build-directory /home/robot/ros2_ws/build/protocol_stm32/build --no-deps symlink_data
[1.760s] Level 1:colcon.colcon_core.shell:create_environment_hook('lidar_package', 'pythonpath_develop')
[1.761s] INFO:colcon.colcon_core.shell:Creating environment hook '/home/robot/ros2_ws/build/lidar_package/share/lidar_package/hook/pythonpath_develop.ps1'
[1.761s] DEBUG:colcon.colcon_core.event_handler.log_command:Invoked command in '/home/robot/ros2_ws/build/lidar_package' returned '0': PYTHONPATH=/home/robot/ros2_ws/build/lidar_package/prefix_override:/usr/lib/python3/dist-packages/colcon_core/task/python/colcon_distutils_commands:/home/robot/ros2_ws/install/lidar_package/lib/python3.10/site-packages:${PYTHONPATH} /usr/bin/python3 -W ignore:setup.py install is deprecated -W ignore:easy_install command is deprecated setup.py develop --editable --build-directory /home/robot/ros2_ws/build/lidar_package/build --no-deps symlink_data
[1.762s] INFO:colcon.colcon_core.shell:Creating environment descriptor '/home/robot/ros2_ws/build/lidar_package/share/lidar_package/hook/pythonpath_develop.dsv'
[1.763s] INFO:colcon.colcon_core.shell:Creating environment hook '/home/robot/ros2_ws/build/lidar_package/share/lidar_package/hook/pythonpath_develop.sh'
[1.765s] Level 1:colcon.colcon_core.environment:checking '/home/robot/ros2_ws/install/lidar_package' for CMake module files
[1.766s] Level 1:colcon.colcon_core.environment:checking '/home/robot/ros2_ws/install/lidar_package' for CMake config files
[1.767s] Level 1:colcon.colcon_core.environment:checking '/home/robot/ros2_ws/install/lidar_package/lib'
[1.767s] Level 1:colcon.colcon_core.environment:checking '/home/robot/ros2_ws/install/lidar_package/bin'
[1.767s] Level 1:colcon.colcon_core.environment:checking '/home/robot/ros2_ws/install/lidar_package/lib/pkgconfig/lidar_package.pc'
[1.767s] Level 1:colcon.colcon_core.environment:checking '/home/robot/ros2_ws/install/lidar_package/lib/python3.10/site-packages'
[1.767s] Level 1:colcon.colcon_core.shell:create_environment_hook('lidar_package', 'pythonpath')
[1.768s] INFO:colcon.colcon_core.shell:Creating environment hook '/home/robot/ros2_ws/install/lidar_package/share/lidar_package/hook/pythonpath.ps1'
[1.769s] INFO:colcon.colcon_core.shell:Creating environment descriptor '/home/robot/ros2_ws/install/lidar_package/share/lidar_package/hook/pythonpath.dsv'
[1.770s] INFO:colcon.colcon_core.shell:Creating environment hook '/home/robot/ros2_ws/install/lidar_package/share/lidar_package/hook/pythonpath.sh'
[1.771s] Level 1:colcon.colcon_core.environment:checking '/home/robot/ros2_ws/install/lidar_package/bin'
[1.771s] Level 1:colcon.colcon_core.environment:create_environment_scripts_only(lidar_package)
[1.772s] INFO:colcon.colcon_core.shell:Creating package script '/home/robot/ros2_ws/install/lidar_package/share/lidar_package/package.ps1'
[1.773s] INFO:colcon.colcon_core.shell:Creating package descriptor '/home/robot/ros2_ws/install/lidar_package/share/lidar_package/package.dsv'
[1.774s] INFO:colcon.colcon_core.shell:Creating package script '/home/robot/ros2_ws/install/lidar_package/share/lidar_package/package.sh'
[1.775s] INFO:colcon.colcon_core.shell:Creating package script '/home/robot/ros2_ws/install/lidar_package/share/lidar_package/package.bash'
[1.776s] INFO:colcon.colcon_core.shell:Creating package script '/home/robot/ros2_ws/install/lidar_package/share/lidar_package/package.zsh'
[1.777s] Level 1:colcon.colcon_core.environment:create_file_with_runtime_dependencies(/home/robot/ros2_ws/install/lidar_package/share/colcon-core/packages/lidar_package)
[1.789s] Level 1:colcon.colcon_core.shell:create_environment_hook('protocol_stm32', 'pythonpath_develop')
[1.789s] INFO:colcon.colcon_core.shell:Creating environment hook '/home/robot/ros2_ws/build/protocol_stm32/share/protocol_stm32/hook/pythonpath_develop.ps1'
[1.789s] DEBUG:colcon.colcon_core.event_handler.log_command:Invoked command in '/home/robot/ros2_ws/build/protocol_stm32' returned '0': PYTHONPATH=/home/robot/ros2_ws/build/protocol_stm32/prefix_override:/usr/lib/python3/dist-packages/colcon_core/task/python/colcon_distutils_commands:/home/robot/ros2_ws/install/protocol_stm32/lib/python3.10/site-packages:${PYTHONPATH} /usr/bin/python3 -W ignore:setup.py install is deprecated -W ignore:easy_install command is deprecated setup.py develop --editable --build-directory /home/robot/ros2_ws/build/protocol_stm32/build --no-deps symlink_data
[1.790s] INFO:colcon.colcon_core.shell:Creating environment descriptor '/home/robot/ros2_ws/build/protocol_stm32/share/protocol_stm32/hook/pythonpath_develop.dsv'
[1.790s] INFO:colcon.colcon_core.shell:Creating environment hook '/home/robot/ros2_ws/build/protocol_stm32/share/protocol_stm32/hook/pythonpath_develop.sh'
[1.791s] Level 1:colcon.colcon_core.environment:checking '/home/robot/ros2_ws/install/protocol_stm32' for CMake module files
[1.792s] Level 1:colcon.colcon_core.environment:checking '/home/robot/ros2_ws/install/protocol_stm32' for CMake config files
[1.792s] Level 1:colcon.colcon_core.environment:checking '/home/robot/ros2_ws/install/protocol_stm32/lib'
[1.792s] Level 1:colcon.colcon_core.environment:checking '/home/robot/ros2_ws/install/protocol_stm32/bin'
[1.792s] Level 1:colcon.colcon_core.environment:checking '/home/robot/ros2_ws/install/protocol_stm32/lib/pkgconfig/protocol_stm32.pc'
[1.793s] Level 1:colcon.colcon_core.environment:checking '/home/robot/ros2_ws/install/protocol_stm32/lib/python3.10/site-packages'
[1.793s] Level 1:colcon.colcon_core.shell:create_environment_hook('protocol_stm32', 'pythonpath')
[1.793s] INFO:colcon.colcon_core.shell:Creating environment hook '/home/robot/ros2_ws/install/protocol_stm32/share/protocol_stm32/hook/pythonpath.ps1'
[1.794s] INFO:colcon.colcon_core.shell:Creating environment descriptor '/home/robot/ros2_ws/install/protocol_stm32/share/protocol_stm32/hook/pythonpath.dsv'
[1.794s] INFO:colcon.colcon_core.shell:Creating environment hook '/home/robot/ros2_ws/install/protocol_stm32/share/protocol_stm32/hook/pythonpath.sh'
[1.795s] Level 1:colcon.colcon_core.environment:checking '/home/robot/ros2_ws/install/protocol_stm32/bin'
[1.795s] Level 1:colcon.colcon_core.environment:create_environment_scripts_only(protocol_stm32)
[1.795s] INFO:colcon.colcon_core.shell:Creating package script '/home/robot/ros2_ws/install/protocol_stm32/share/protocol_stm32/package.ps1'
[1.796s] INFO:colcon.colcon_core.shell:Creating package descriptor '/home/robot/ros2_ws/install/protocol_stm32/share/protocol_stm32/package.dsv'
[1.796s] INFO:colcon.colcon_core.shell:Creating package script '/home/robot/ros2_ws/install/protocol_stm32/share/protocol_stm32/package.sh'
[1.797s] INFO:colcon.colcon_core.shell:Creating package script '/home/robot/ros2_ws/install/protocol_stm32/share/protocol_stm32/package.bash'
[1.797s] INFO:colcon.colcon_core.shell:Creating package script '/home/robot/ros2_ws/install/protocol_stm32/share/protocol_stm32/package.zsh'
[1.798s] Level 1:colcon.colcon_core.environment:create_file_with_runtime_dependencies(/home/robot/ros2_ws/install/protocol_stm32/share/colcon-core/packages/protocol_stm32)
[1.798s] DEBUG:colcon.colcon_parallel_executor.executor.parallel:closing loop
[1.799s] DEBUG:colcon.colcon_parallel_executor.executor.parallel:loop closed
[1.799s] DEBUG:colcon.colcon_parallel_executor.executor.parallel:run_until_complete finished with '0'
[1.799s] DEBUG:colcon.colcon_core.event_reactor:joining thread
[1.806s] INFO:colcon.colcon_core.plugin_system:Skipping extension 'colcon_notification.desktop_notification.terminal_notifier': Not used on non-Darwin systems
[1.806s] INFO:colcon.colcon_core.plugin_system:Skipping extension 'colcon_notification.desktop_notification.win32': Not used on non-Windows systems
[1.807s] INFO:colcon.colcon_notification.desktop_notification:Sending desktop notification using 'notify2'
[1.820s] DEBUG:colcon.colcon_core.event_reactor:joined thread
[1.821s] INFO:colcon.colcon_core.shell:Creating prefix script '/home/robot/ros2_ws/install/local_setup.ps1'
[1.822s] INFO:colcon.colcon_core.shell:Creating prefix util module '/home/robot/ros2_ws/install/_local_setup_util_ps1.py'
[1.823s] INFO:colcon.colcon_core.shell:Creating prefix chain script '/home/robot/ros2_ws/install/setup.ps1'
[1.825s] INFO:colcon.colcon_core.shell:Creating prefix script '/home/robot/ros2_ws/install/local_setup.sh'
[1.825s] INFO:colcon.colcon_core.shell:Creating prefix util module '/home/robot/ros2_ws/install/_local_setup_util_sh.py'
[1.826s] INFO:colcon.colcon_core.shell:Creating prefix chain script '/home/robot/ros2_ws/install/setup.sh'
[1.828s] INFO:colcon.colcon_core.shell:Creating prefix script '/home/robot/ros2_ws/install/local_setup.bash'
[1.828s] INFO:colcon.colcon_core.shell:Creating prefix chain script '/home/robot/ros2_ws/install/setup.bash'
[1.830s] INFO:colcon.colcon_core.shell:Creating prefix script '/home/robot/ros2_ws/install/local_setup.zsh'
[1.830s] INFO:colcon.colcon_core.shell:Creating prefix chain script '/home/robot/ros2_ws/install/setup.zsh'
