[0.587s] Invoking command in '/home/robot/ros2_ws/build/protocol_stm32': PYTHONPATH=/home/robot/ros2_ws/build/protocol_stm32/prefix_override:/usr/lib/python3/dist-packages/colcon_core/task/python/colcon_distutils_commands:/home/robot/ros2_ws/install/protocol_stm32/lib/python3.10/site-packages:${PYTHONPATH} /usr/bin/python3 -W ignore:setup.py install is deprecated -W ignore:easy_install command is deprecated setup.py develop --editable --build-directory /home/robot/ros2_ws/build/protocol_stm32/build --no-deps symlink_data
[0.853s] running develop
[1.201s] running egg_info
[1.206s] writing protocol_stm32.egg-info/PKG-INFO
[1.206s] writing dependency_links to protocol_stm32.egg-info/dependency_links.txt
[1.206s] writing entry points to protocol_stm32.egg-info/entry_points.txt
[1.206s] writing requirements to protocol_stm32.egg-info/requires.txt
[1.206s] writing top-level names to protocol_stm32.egg-info/top_level.txt
[1.213s] reading manifest file 'protocol_stm32.egg-info/SOURCES.txt'
[1.219s] writing manifest file 'protocol_stm32.egg-info/SOURCES.txt'
[1.219s] running build_ext
[1.220s] Creating /home/robot/ros2_ws/install/protocol_stm32/lib/python3.10/site-packages/protocol-stm32.egg-link (link to .)
[1.221s] Installing driver script to /home/robot/ros2_ws/install/protocol_stm32/lib/protocol_stm32
[1.224s] Installing driver_stm32 script to /home/robot/ros2_ws/install/protocol_stm32/lib/protocol_stm32
[1.225s] Installing heartbeat script to /home/robot/ros2_ws/install/protocol_stm32/lib/protocol_stm32
[1.225s] Installing telemetry_stm32 script to /home/robot/ros2_ws/install/protocol_stm32/lib/protocol_stm32
[1.225s] 
[1.225s] Installed /home/robot/ros2_ws/build/protocol_stm32
[1.225s] running symlink_data
[1.274s] Invoked command in '/home/robot/ros2_ws/build/protocol_stm32' returned '0': PYTHONPATH=/home/robot/ros2_ws/build/protocol_stm32/prefix_override:/usr/lib/python3/dist-packages/colcon_core/task/python/colcon_distutils_commands:/home/robot/ros2_ws/install/protocol_stm32/lib/python3.10/site-packages:${PYTHONPATH} /usr/bin/python3 -W ignore:setup.py install is deprecated -W ignore:easy_install command is deprecated setup.py develop --editable --build-directory /home/robot/ros2_ws/build/protocol_stm32/build --no-deps symlink_data
