[0.983s] Invoking command in '/home/robot/ros2_ws/build/lidar_package': PYTHONPATH=/home/robot/ros2_ws/build/lidar_package/prefix_override:/usr/lib/python3/dist-packages/colcon_core/task/python/colcon_distutils_commands:/home/robot/ros2_ws/install/lidar_package/lib/python3.10/site-packages:${PYTHONPATH} /usr/bin/python3 -W ignore:setup.py install is deprecated -W ignore:easy_install command is deprecated setup.py develop --editable --build-directory /home/robot/ros2_ws/build/lidar_package/build --no-deps symlink_data
[1.240s] running develop
[1.383s] running egg_info
[1.383s] creating lidar_package.egg-info
[1.384s] writing lidar_package.egg-info/PKG-INFO
[1.384s] writing dependency_links to lidar_package.egg-info/dependency_links.txt
[1.384s] writing entry points to lidar_package.egg-info/entry_points.txt
[1.384s] writing requirements to lidar_package.egg-info/requires.txt
[1.384s] writing top-level names to lidar_package.egg-info/top_level.txt
[1.384s] writing manifest file 'lidar_package.egg-info/SOURCES.txt'
[1.386s] reading manifest file 'lidar_package.egg-info/SOURCES.txt'
[1.387s] writing manifest file 'lidar_package.egg-info/SOURCES.txt'
[1.388s] running build_ext
[1.388s] Creating /home/robot/ros2_ws/install/lidar_package/lib/python3.10/site-packages/lidar-package.egg-link (link to .)
[1.389s] 
[1.389s] Installed /home/robot/ros2_ws/build/lidar_package
[1.389s] running symlink_data
[1.390s] creating /home/robot/ros2_ws/install/lidar_package/share/ament_index
[1.390s] creating /home/robot/ros2_ws/install/lidar_package/share/ament_index/resource_index
[1.390s] creating /home/robot/ros2_ws/install/lidar_package/share/ament_index/resource_index/packages
[1.390s] symbolically linking /home/robot/ros2_ws/build/lidar_package/resource/lidar_package -> /home/robot/ros2_ws/install/lidar_package/share/ament_index/resource_index/packages
[1.390s] symbolically linking /home/robot/ros2_ws/build/lidar_package/package.xml -> /home/robot/ros2_ws/install/lidar_package/share/lidar_package
[1.434s] Invoked command in '/home/robot/ros2_ws/build/lidar_package' returned '0': PYTHONPATH=/home/robot/ros2_ws/build/lidar_package/prefix_override:/usr/lib/python3/dist-packages/colcon_core/task/python/colcon_distutils_commands:/home/robot/ros2_ws/install/lidar_package/lib/python3.10/site-packages:${PYTHONPATH} /usr/bin/python3 -W ignore:setup.py install is deprecated -W ignore:easy_install command is deprecated setup.py develop --editable --build-directory /home/robot/ros2_ws/build/lidar_package/build --no-deps symlink_data
