[0.100s] DEBUG:colcon:Command line arguments: ['/usr/bin/colcon', 'build', '--symlink-install']
[0.100s] DEBUG:colcon:Parsed command line arguments: Namespace(log_base=None, log_level=None, verb_name='build', build_base='build', install_base='install', merge_install=False, symlink_install=True, test_result_base=None, continue_on_error=False, executor='parallel', parallel_workers=4, event_handlers=None, ignore_user_meta=False, metas=['./colcon.meta'], base_paths=['.'], packages_ignore=None, packages_ignore_regex=None, paths=None, packages_up_to=None, packages_up_to_regex=None, packages_above=None, packages_above_and_dependencies=None, packages_above_depth=None, packages_select_by_dep=None, packages_skip_by_dep=None, packages_skip_up_to=None, packages_select_build_failed=False, packages_skip_build_finished=False, packages_select_test_failures=False, packages_skip_test_passed=False, packages_select=None, packages_skip=None, packages_select_regex=None, packages_skip_regex=None, packages_start=None, packages_end=None, allow_overriding=[], cmake_args=None, cmake_target=None, cmake_target_skip_unavailable=False, cmake_clean_cache=False, cmake_clean_first=False, cmake_force_configure=False, ament_cmake_args=None, catkin_cmake_args=None, catkin_skip_building_tests=False, verb_parser=<colcon_defaults.argument_parser.defaults.DefaultArgumentsDecorator object at 0x72d88ad500a0>, verb_extension=<colcon_core.verb.build.BuildVerb object at 0x72d88ad17b50>, main=<bound method BuildVerb.main of <colcon_core.verb.build.BuildVerb object at 0x72d88ad17b50>>)
[0.377s] Level 1:colcon.colcon_core.package_discovery:discover_packages(colcon_meta) check parameters
[0.377s] Level 1:colcon.colcon_core.package_discovery:discover_packages(recursive) check parameters
[0.377s] Level 1:colcon.colcon_core.package_discovery:discover_packages(ignore) check parameters
[0.377s] Level 1:colcon.colcon_core.package_discovery:discover_packages(path) check parameters
[0.377s] Level 1:colcon.colcon_core.package_discovery:discover_packages(colcon_meta) discover
[0.377s] Level 1:colcon.colcon_core.package_discovery:discover_packages(recursive) discover
[0.377s] INFO:colcon.colcon_core.package_discovery:Crawling recursively for packages in '/home/robot/ros2_ws'
[0.377s] Level 1:colcon.colcon_core.package_identification:_identify(.) by extensions ['ignore', 'ignore_ament_install']
[0.377s] Level 1:colcon.colcon_core.package_identification:_identify(.) by extension 'ignore'
[0.377s] Level 1:colcon.colcon_core.package_identification:_identify(.) by extension 'ignore_ament_install'
[0.377s] Level 1:colcon.colcon_core.package_identification:_identify(.) by extensions ['colcon_pkg']
[0.377s] Level 1:colcon.colcon_core.package_identification:_identify(.) by extension 'colcon_pkg'
[0.377s] Level 1:colcon.colcon_core.package_identification:_identify(.) by extensions ['colcon_meta']
[0.377s] Level 1:colcon.colcon_core.package_identification:_identify(.) by extension 'colcon_meta'
[0.377s] Level 1:colcon.colcon_core.package_identification:_identify(.) by extensions ['ros']
[0.378s] Level 1:colcon.colcon_core.package_identification:_identify(.) by extension 'ros'
[0.392s] Level 1:colcon.colcon_core.package_identification:_identify(.) by extensions ['cmake', 'python']
[0.392s] Level 1:colcon.colcon_core.package_identification:_identify(.) by extension 'cmake'
[0.392s] Level 1:colcon.colcon_core.package_identification:_identify(.) by extension 'python'
[0.392s] Level 1:colcon.colcon_core.package_identification:_identify(.) by extensions ['python_setup_py']
[0.392s] Level 1:colcon.colcon_core.package_identification:_identify(.) by extension 'python_setup_py'
[0.392s] Level 1:colcon.colcon_core.package_identification:_identify(build) by extensions ['ignore', 'ignore_ament_install']
[0.392s] Level 1:colcon.colcon_core.package_identification:_identify(build) by extension 'ignore'
[0.392s] Level 1:colcon.colcon_core.package_identification:_identify(build) ignored
[0.392s] Level 1:colcon.colcon_core.package_identification:_identify(install) by extensions ['ignore', 'ignore_ament_install']
[0.392s] Level 1:colcon.colcon_core.package_identification:_identify(install) by extension 'ignore'
[0.392s] Level 1:colcon.colcon_core.package_identification:_identify(install) ignored
[0.392s] Level 1:colcon.colcon_core.package_identification:_identify(log) by extensions ['ignore', 'ignore_ament_install']
[0.392s] Level 1:colcon.colcon_core.package_identification:_identify(log) by extension 'ignore'
[0.392s] Level 1:colcon.colcon_core.package_identification:_identify(log) ignored
[0.392s] Level 1:colcon.colcon_core.package_identification:_identify(src) by extensions ['ignore', 'ignore_ament_install']
[0.393s] Level 1:colcon.colcon_core.package_identification:_identify(src) by extension 'ignore'
[0.393s] Level 1:colcon.colcon_core.package_identification:_identify(src) by extension 'ignore_ament_install'
[0.393s] Level 1:colcon.colcon_core.package_identification:_identify(src) by extensions ['colcon_pkg']
[0.393s] Level 1:colcon.colcon_core.package_identification:_identify(src) by extension 'colcon_pkg'
[0.393s] Level 1:colcon.colcon_core.package_identification:_identify(src) by extensions ['colcon_meta']
[0.393s] Level 1:colcon.colcon_core.package_identification:_identify(src) by extension 'colcon_meta'
[0.393s] Level 1:colcon.colcon_core.package_identification:_identify(src) by extensions ['ros']
[0.393s] Level 1:colcon.colcon_core.package_identification:_identify(src) by extension 'ros'
[0.393s] Level 1:colcon.colcon_core.package_identification:_identify(src) by extensions ['cmake', 'python']
[0.393s] Level 1:colcon.colcon_core.package_identification:_identify(src) by extension 'cmake'
[0.393s] Level 1:colcon.colcon_core.package_identification:_identify(src) by extension 'python'
[0.393s] Level 1:colcon.colcon_core.package_identification:_identify(src) by extensions ['python_setup_py']
[0.393s] Level 1:colcon.colcon_core.package_identification:_identify(src) by extension 'python_setup_py'
[0.393s] Level 1:colcon.colcon_core.package_identification:_identify(src/kiss-icp) by extensions ['ignore', 'ignore_ament_install']
[0.393s] Level 1:colcon.colcon_core.package_identification:_identify(src/kiss-icp) by extension 'ignore'
[0.393s] Level 1:colcon.colcon_core.package_identification:_identify(src/kiss-icp) by extension 'ignore_ament_install'
[0.393s] Level 1:colcon.colcon_core.package_identification:_identify(src/kiss-icp) by extensions ['colcon_pkg']
[0.393s] Level 1:colcon.colcon_core.package_identification:_identify(src/kiss-icp) by extension 'colcon_pkg'
[0.393s] Level 1:colcon.colcon_core.package_identification:_identify(src/kiss-icp) by extensions ['colcon_meta']
[0.393s] Level 1:colcon.colcon_core.package_identification:_identify(src/kiss-icp) by extension 'colcon_meta'
[0.393s] Level 1:colcon.colcon_core.package_identification:_identify(src/kiss-icp) by extensions ['ros']
[0.394s] Level 1:colcon.colcon_core.package_identification:_identify(src/kiss-icp) by extension 'ros'
[0.394s] Level 1:colcon.colcon_core.package_identification:_identify(src/kiss-icp) by extensions ['cmake', 'python']
[0.394s] Level 1:colcon.colcon_core.package_identification:_identify(src/kiss-icp) by extension 'cmake'
[0.394s] Level 1:colcon.colcon_core.package_identification:_identify(src/kiss-icp) by extension 'python'
[0.394s] Level 1:colcon.colcon_core.package_identification:_identify(src/kiss-icp) by extensions ['python_setup_py']
[0.394s] Level 1:colcon.colcon_core.package_identification:_identify(src/kiss-icp) by extension 'python_setup_py'
[0.394s] Level 1:colcon.colcon_core.package_identification:_identify(src/kiss-icp/config) by extensions ['ignore', 'ignore_ament_install']
[0.394s] Level 1:colcon.colcon_core.package_identification:_identify(src/kiss-icp/config) by extension 'ignore'
[0.394s] Level 1:colcon.colcon_core.package_identification:_identify(src/kiss-icp/config) by extension 'ignore_ament_install'
[0.394s] Level 1:colcon.colcon_core.package_identification:_identify(src/kiss-icp/config) by extensions ['colcon_pkg']
[0.394s] Level 1:colcon.colcon_core.package_identification:_identify(src/kiss-icp/config) by extension 'colcon_pkg'
[0.394s] Level 1:colcon.colcon_core.package_identification:_identify(src/kiss-icp/config) by extensions ['colcon_meta']
[0.394s] Level 1:colcon.colcon_core.package_identification:_identify(src/kiss-icp/config) by extension 'colcon_meta'
[0.394s] Level 1:colcon.colcon_core.package_identification:_identify(src/kiss-icp/config) by extensions ['ros']
[0.394s] Level 1:colcon.colcon_core.package_identification:_identify(src/kiss-icp/config) by extension 'ros'
[0.394s] Level 1:colcon.colcon_core.package_identification:_identify(src/kiss-icp/config) by extensions ['cmake', 'python']
[0.394s] Level 1:colcon.colcon_core.package_identification:_identify(src/kiss-icp/config) by extension 'cmake'
[0.394s] Level 1:colcon.colcon_core.package_identification:_identify(src/kiss-icp/config) by extension 'python'
[0.394s] Level 1:colcon.colcon_core.package_identification:_identify(src/kiss-icp/config) by extensions ['python_setup_py']
[0.394s] Level 1:colcon.colcon_core.package_identification:_identify(src/kiss-icp/config) by extension 'python_setup_py'
[0.394s] Level 1:colcon.colcon_core.package_identification:_identify(src/kiss-icp/cpp) by extensions ['ignore', 'ignore_ament_install']
[0.395s] Level 1:colcon.colcon_core.package_identification:_identify(src/kiss-icp/cpp) by extension 'ignore'
[0.395s] Level 1:colcon.colcon_core.package_identification:_identify(src/kiss-icp/cpp) ignored
[0.395s] Level 1:colcon.colcon_core.package_identification:_identify(src/kiss-icp/eval) by extensions ['ignore', 'ignore_ament_install']
[0.395s] Level 1:colcon.colcon_core.package_identification:_identify(src/kiss-icp/eval) by extension 'ignore'
[0.395s] Level 1:colcon.colcon_core.package_identification:_identify(src/kiss-icp/eval) by extension 'ignore_ament_install'
[0.395s] Level 1:colcon.colcon_core.package_identification:_identify(src/kiss-icp/eval) by extensions ['colcon_pkg']
[0.395s] Level 1:colcon.colcon_core.package_identification:_identify(src/kiss-icp/eval) by extension 'colcon_pkg'
[0.395s] Level 1:colcon.colcon_core.package_identification:_identify(src/kiss-icp/eval) by extensions ['colcon_meta']
[0.395s] Level 1:colcon.colcon_core.package_identification:_identify(src/kiss-icp/eval) by extension 'colcon_meta'
[0.395s] Level 1:colcon.colcon_core.package_identification:_identify(src/kiss-icp/eval) by extensions ['ros']
[0.395s] Level 1:colcon.colcon_core.package_identification:_identify(src/kiss-icp/eval) by extension 'ros'
[0.395s] Level 1:colcon.colcon_core.package_identification:_identify(src/kiss-icp/eval) by extensions ['cmake', 'python']
[0.395s] Level 1:colcon.colcon_core.package_identification:_identify(src/kiss-icp/eval) by extension 'cmake'
[0.395s] Level 1:colcon.colcon_core.package_identification:_identify(src/kiss-icp/eval) by extension 'python'
[0.395s] Level 1:colcon.colcon_core.package_identification:_identify(src/kiss-icp/eval) by extensions ['python_setup_py']
[0.395s] Level 1:colcon.colcon_core.package_identification:_identify(src/kiss-icp/eval) by extension 'python_setup_py'
[0.395s] Level 1:colcon.colcon_core.package_identification:_identify(src/kiss-icp/python) by extensions ['ignore', 'ignore_ament_install']
[0.395s] Level 1:colcon.colcon_core.package_identification:_identify(src/kiss-icp/python) by extension 'ignore'
[0.395s] Level 1:colcon.colcon_core.package_identification:_identify(src/kiss-icp/python) ignored
[0.396s] Level 1:colcon.colcon_core.package_identification:_identify(src/kiss-icp/ros) by extensions ['ignore', 'ignore_ament_install']
[0.396s] Level 1:colcon.colcon_core.package_identification:_identify(src/kiss-icp/ros) by extension 'ignore'
[0.396s] Level 1:colcon.colcon_core.package_identification:_identify(src/kiss-icp/ros) by extension 'ignore_ament_install'
[0.396s] Level 1:colcon.colcon_core.package_identification:_identify(src/kiss-icp/ros) by extensions ['colcon_pkg']
[0.396s] Level 1:colcon.colcon_core.package_identification:_identify(src/kiss-icp/ros) by extension 'colcon_pkg'
[0.396s] Level 1:colcon.colcon_core.package_identification:_identify(src/kiss-icp/ros) by extensions ['colcon_meta']
[0.396s] Level 1:colcon.colcon_core.package_identification:_identify(src/kiss-icp/ros) by extension 'colcon_meta'
[0.396s] Level 1:colcon.colcon_core.package_identification:_identify(src/kiss-icp/ros) by extensions ['ros']
[0.396s] Level 1:colcon.colcon_core.package_identification:_identify(src/kiss-icp/ros) by extension 'ros'
[0.400s] DEBUG:colcon.colcon_core.package_identification:Package 'src/kiss-icp/ros' with type 'ros.ament_cmake' and name 'kiss_icp'
[0.400s] Level 1:colcon.colcon_core.package_identification:_identify(src/protocol_stm32) by extensions ['ignore', 'ignore_ament_install']
[0.400s] Level 1:colcon.colcon_core.package_identification:_identify(src/protocol_stm32) by extension 'ignore'
[0.400s] Level 1:colcon.colcon_core.package_identification:_identify(src/protocol_stm32) by extension 'ignore_ament_install'
[0.400s] Level 1:colcon.colcon_core.package_identification:_identify(src/protocol_stm32) by extensions ['colcon_pkg']
[0.400s] Level 1:colcon.colcon_core.package_identification:_identify(src/protocol_stm32) by extension 'colcon_pkg'
[0.400s] Level 1:colcon.colcon_core.package_identification:_identify(src/protocol_stm32) by extensions ['colcon_meta']
[0.400s] Level 1:colcon.colcon_core.package_identification:_identify(src/protocol_stm32) by extension 'colcon_meta'
[0.400s] Level 1:colcon.colcon_core.package_identification:_identify(src/protocol_stm32) by extensions ['ros']
[0.400s] Level 1:colcon.colcon_core.package_identification:_identify(src/protocol_stm32) by extension 'ros'
[0.401s] DEBUG:colcon.colcon_core.package_identification:Package 'src/protocol_stm32' with type 'ros.ament_python' and name 'protocol_stm32'
[0.401s] Level 1:colcon.colcon_core.package_identification:_identify(src/sllidar_ros2) by extensions ['ignore', 'ignore_ament_install']
[0.401s] Level 1:colcon.colcon_core.package_identification:_identify(src/sllidar_ros2) by extension 'ignore'
[0.401s] Level 1:colcon.colcon_core.package_identification:_identify(src/sllidar_ros2) by extension 'ignore_ament_install'
[0.401s] Level 1:colcon.colcon_core.package_identification:_identify(src/sllidar_ros2) by extensions ['colcon_pkg']
[0.401s] Level 1:colcon.colcon_core.package_identification:_identify(src/sllidar_ros2) by extension 'colcon_pkg'
[0.401s] Level 1:colcon.colcon_core.package_identification:_identify(src/sllidar_ros2) by extensions ['colcon_meta']
[0.401s] Level 1:colcon.colcon_core.package_identification:_identify(src/sllidar_ros2) by extension 'colcon_meta'
[0.401s] Level 1:colcon.colcon_core.package_identification:_identify(src/sllidar_ros2) by extensions ['ros']
[0.401s] Level 1:colcon.colcon_core.package_identification:_identify(src/sllidar_ros2) by extension 'ros'
[0.402s] DEBUG:colcon.colcon_core.package_identification:Package 'src/sllidar_ros2' with type 'ros.ament_cmake' and name 'sllidar_ros2'
[0.402s] Level 1:colcon.colcon_core.package_discovery:discover_packages(recursive) using defaults
[0.402s] Level 1:colcon.colcon_core.package_discovery:discover_packages(ignore) discover
[0.402s] Level 1:colcon.colcon_core.package_discovery:discover_packages(ignore) using defaults
[0.402s] Level 1:colcon.colcon_core.package_discovery:discover_packages(path) discover
[0.402s] Level 1:colcon.colcon_core.package_discovery:discover_packages(path) using defaults
[0.434s] Level 1:colcon.colcon_core.package_discovery:discover_packages(prefix_path) check parameters
[0.434s] Level 1:colcon.colcon_core.package_discovery:discover_packages(prefix_path) discover
[0.437s] DEBUG:colcon.colcon_installed_package_information.package_discovery:Found 2 installed packages in /home/robot/ros2_ws/install
[0.438s] DEBUG:colcon.colcon_installed_package_information.package_discovery:Found 270 installed packages in /opt/ros/humble
[0.440s] Level 1:colcon.colcon_core.package_discovery:discover_packages(prefix_path) using defaults
[0.492s] Level 5:colcon.colcon_core.verb:set package 'kiss_icp' build argument 'cmake_args' from command line to 'None'
[0.492s] Level 5:colcon.colcon_core.verb:set package 'kiss_icp' build argument 'cmake_target' from command line to 'None'
[0.492s] Level 5:colcon.colcon_core.verb:set package 'kiss_icp' build argument 'cmake_target_skip_unavailable' from command line to 'False'
[0.492s] Level 5:colcon.colcon_core.verb:set package 'kiss_icp' build argument 'cmake_clean_cache' from command line to 'False'
[0.492s] Level 5:colcon.colcon_core.verb:set package 'kiss_icp' build argument 'cmake_clean_first' from command line to 'False'
[0.492s] Level 5:colcon.colcon_core.verb:set package 'kiss_icp' build argument 'cmake_force_configure' from command line to 'False'
[0.492s] Level 5:colcon.colcon_core.verb:set package 'kiss_icp' build argument 'ament_cmake_args' from command line to 'None'
[0.492s] Level 5:colcon.colcon_core.verb:set package 'kiss_icp' build argument 'catkin_cmake_args' from command line to 'None'
[0.492s] Level 5:colcon.colcon_core.verb:set package 'kiss_icp' build argument 'catkin_skip_building_tests' from command line to 'False'
[0.492s] DEBUG:colcon.colcon_core.verb:Building package 'kiss_icp' with the following arguments: {'ament_cmake_args': None, 'build_base': '/home/robot/ros2_ws/build/kiss_icp', 'catkin_cmake_args': None, 'catkin_skip_building_tests': False, 'cmake_args': None, 'cmake_clean_cache': False, 'cmake_clean_first': False, 'cmake_force_configure': False, 'cmake_target': None, 'cmake_target_skip_unavailable': False, 'install_base': '/home/robot/ros2_ws/install/kiss_icp', 'merge_install': False, 'path': '/home/robot/ros2_ws/src/kiss-icp/ros', 'symlink_install': True, 'test_result_base': None}
[0.493s] Level 5:colcon.colcon_core.verb:set package 'protocol_stm32' build argument 'cmake_args' from command line to 'None'
[0.493s] Level 5:colcon.colcon_core.verb:set package 'protocol_stm32' build argument 'cmake_target' from command line to 'None'
[0.493s] Level 5:colcon.colcon_core.verb:set package 'protocol_stm32' build argument 'cmake_target_skip_unavailable' from command line to 'False'
[0.493s] Level 5:colcon.colcon_core.verb:set package 'protocol_stm32' build argument 'cmake_clean_cache' from command line to 'False'
[0.493s] Level 5:colcon.colcon_core.verb:set package 'protocol_stm32' build argument 'cmake_clean_first' from command line to 'False'
[0.493s] Level 5:colcon.colcon_core.verb:set package 'protocol_stm32' build argument 'cmake_force_configure' from command line to 'False'
[0.493s] Level 5:colcon.colcon_core.verb:set package 'protocol_stm32' build argument 'ament_cmake_args' from command line to 'None'
[0.493s] Level 5:colcon.colcon_core.verb:set package 'protocol_stm32' build argument 'catkin_cmake_args' from command line to 'None'
[0.493s] Level 5:colcon.colcon_core.verb:set package 'protocol_stm32' build argument 'catkin_skip_building_tests' from command line to 'False'
[0.493s] DEBUG:colcon.colcon_core.verb:Building package 'protocol_stm32' with the following arguments: {'ament_cmake_args': None, 'build_base': '/home/robot/ros2_ws/build/protocol_stm32', 'catkin_cmake_args': None, 'catkin_skip_building_tests': False, 'cmake_args': None, 'cmake_clean_cache': False, 'cmake_clean_first': False, 'cmake_force_configure': False, 'cmake_target': None, 'cmake_target_skip_unavailable': False, 'install_base': '/home/robot/ros2_ws/install/protocol_stm32', 'merge_install': False, 'path': '/home/robot/ros2_ws/src/protocol_stm32', 'symlink_install': True, 'test_result_base': None}
[0.493s] Level 5:colcon.colcon_core.verb:set package 'sllidar_ros2' build argument 'cmake_args' from command line to 'None'
[0.493s] Level 5:colcon.colcon_core.verb:set package 'sllidar_ros2' build argument 'cmake_target' from command line to 'None'
[0.493s] Level 5:colcon.colcon_core.verb:set package 'sllidar_ros2' build argument 'cmake_target_skip_unavailable' from command line to 'False'
[0.493s] Level 5:colcon.colcon_core.verb:set package 'sllidar_ros2' build argument 'cmake_clean_cache' from command line to 'False'
[0.493s] Level 5:colcon.colcon_core.verb:set package 'sllidar_ros2' build argument 'cmake_clean_first' from command line to 'False'
[0.493s] Level 5:colcon.colcon_core.verb:set package 'sllidar_ros2' build argument 'cmake_force_configure' from command line to 'False'
[0.493s] Level 5:colcon.colcon_core.verb:set package 'sllidar_ros2' build argument 'ament_cmake_args' from command line to 'None'
[0.493s] Level 5:colcon.colcon_core.verb:set package 'sllidar_ros2' build argument 'catkin_cmake_args' from command line to 'None'
[0.493s] Level 5:colcon.colcon_core.verb:set package 'sllidar_ros2' build argument 'catkin_skip_building_tests' from command line to 'False'
[0.493s] DEBUG:colcon.colcon_core.verb:Building package 'sllidar_ros2' with the following arguments: {'ament_cmake_args': None, 'build_base': '/home/robot/ros2_ws/build/sllidar_ros2', 'catkin_cmake_args': None, 'catkin_skip_building_tests': False, 'cmake_args': None, 'cmake_clean_cache': False, 'cmake_clean_first': False, 'cmake_force_configure': False, 'cmake_target': None, 'cmake_target_skip_unavailable': False, 'install_base': '/home/robot/ros2_ws/install/sllidar_ros2', 'merge_install': False, 'path': '/home/robot/ros2_ws/src/sllidar_ros2', 'symlink_install': True, 'test_result_base': None}
[0.494s] INFO:colcon.colcon_core.executor:Executing jobs using 'parallel' executor
[0.494s] DEBUG:colcon.colcon_parallel_executor.executor.parallel:run_until_complete
[0.495s] INFO:colcon.colcon_ros.task.ament_cmake.build:Building ROS package in '/home/robot/ros2_ws/src/kiss-icp/ros' with build type 'ament_cmake'
[0.495s] INFO:colcon.colcon_cmake.task.cmake.build:Building CMake package in '/home/robot/ros2_ws/src/kiss-icp/ros'
[0.499s] INFO:colcon.colcon_core.plugin_system:Skipping extension 'colcon_core.shell.bat': Not used on non-Windows systems
[0.500s] INFO:colcon.colcon_core.shell:Skip shell extension 'powershell' for command environment: Not usable outside of PowerShell
[0.500s] DEBUG:colcon.colcon_core.shell:Skip shell extension 'dsv' for command environment
[0.503s] INFO:colcon.colcon_ros.task.ament_python.build:Building ROS package in '/home/robot/ros2_ws/src/protocol_stm32' with build type 'ament_python'
[0.503s] Level 1:colcon.colcon_core.shell:create_environment_hook('protocol_stm32', 'ament_prefix_path')
[0.504s] INFO:colcon.colcon_core.shell:Creating environment hook '/home/robot/ros2_ws/install/protocol_stm32/share/protocol_stm32/hook/ament_prefix_path.ps1'
[0.505s] INFO:colcon.colcon_core.shell:Creating environment descriptor '/home/robot/ros2_ws/install/protocol_stm32/share/protocol_stm32/hook/ament_prefix_path.dsv'
[0.505s] INFO:colcon.colcon_core.shell:Creating environment hook '/home/robot/ros2_ws/install/protocol_stm32/share/protocol_stm32/hook/ament_prefix_path.sh'
[0.506s] INFO:colcon.colcon_core.shell:Skip shell extension 'powershell' for command environment: Not usable outside of PowerShell
[0.506s] DEBUG:colcon.colcon_core.shell:Skip shell extension 'dsv' for command environment
[0.509s] INFO:colcon.colcon_ros.task.ament_cmake.build:Building ROS package in '/home/robot/ros2_ws/src/sllidar_ros2' with build type 'ament_cmake'
[0.509s] INFO:colcon.colcon_cmake.task.cmake.build:Building CMake package in '/home/robot/ros2_ws/src/sllidar_ros2'
[0.509s] INFO:colcon.colcon_core.shell:Skip shell extension 'powershell' for command environment: Not usable outside of PowerShell
[0.509s] DEBUG:colcon.colcon_core.shell:Skip shell extension 'dsv' for command environment
[0.516s] DEBUG:colcon.colcon_core.event_handler.log_command:Invoking command in '/home/robot/ros2_ws/build/kiss_icp': CMAKE_PREFIX_PATH=${CMAKE_PREFIX_PATH}:/home/robot/ros2_ws/install/protocol_stm32:/opt/ros/humble /usr/bin/cmake /home/robot/ros2_ws/src/kiss-icp/ros -DAMENT_CMAKE_SYMLINK_INSTALL=1 -DCMAKE_INSTALL_PREFIX=/home/robot/ros2_ws/install/kiss_icp
[0.778s] INFO:colcon.colcon_core.task.python.build:Building Python package in '/home/robot/ros2_ws/src/protocol_stm32'
[0.778s] INFO:colcon.colcon_core.shell:Skip shell extension 'powershell' for command environment: Not usable outside of PowerShell
[0.778s] DEBUG:colcon.colcon_core.shell:Skip shell extension 'dsv' for command environment
[0.791s] DEBUG:colcon.colcon_core.event_handler.log_command:Invoking command in '/home/robot/ros2_ws/build/sllidar_ros2': CMAKE_PREFIX_PATH=${CMAKE_PREFIX_PATH}:/home/robot/ros2_ws/install/protocol_stm32:/opt/ros/humble /usr/bin/cmake --build /home/robot/ros2_ws/build/sllidar_ros2 -- -j4 -l4
[1.305s] DEBUG:colcon.colcon_core.event_handler.log_command:Invoking command in '/home/robot/ros2_ws/build/protocol_stm32': PYTHONPATH=/home/robot/ros2_ws/build/protocol_stm32/prefix_override:/usr/lib/python3/dist-packages/colcon_core/task/python/colcon_distutils_commands:/home/robot/ros2_ws/install/protocol_stm32/lib/python3.10/site-packages:${PYTHONPATH} /usr/bin/python3 -W ignore:setup.py install is deprecated -W ignore:easy_install command is deprecated setup.py develop --editable --build-directory /home/robot/ros2_ws/build/protocol_stm32/build --no-deps symlink_data
[1.804s] Level 1:colcon.colcon_core.shell:create_environment_hook('protocol_stm32', 'pythonpath_develop')
[1.804s] INFO:colcon.colcon_core.shell:Creating environment hook '/home/robot/ros2_ws/build/protocol_stm32/share/protocol_stm32/hook/pythonpath_develop.ps1'
[1.805s] INFO:colcon.colcon_core.shell:Creating environment descriptor '/home/robot/ros2_ws/build/protocol_stm32/share/protocol_stm32/hook/pythonpath_develop.dsv'
[1.805s] DEBUG:colcon.colcon_core.event_handler.log_command:Invoked command in '/home/robot/ros2_ws/build/protocol_stm32' returned '0': PYTHONPATH=/home/robot/ros2_ws/build/protocol_stm32/prefix_override:/usr/lib/python3/dist-packages/colcon_core/task/python/colcon_distutils_commands:/home/robot/ros2_ws/install/protocol_stm32/lib/python3.10/site-packages:${PYTHONPATH} /usr/bin/python3 -W ignore:setup.py install is deprecated -W ignore:easy_install command is deprecated setup.py develop --editable --build-directory /home/robot/ros2_ws/build/protocol_stm32/build --no-deps symlink_data
[1.806s] INFO:colcon.colcon_core.shell:Creating environment hook '/home/robot/ros2_ws/build/protocol_stm32/share/protocol_stm32/hook/pythonpath_develop.sh'
[1.823s] Level 1:colcon.colcon_core.environment:checking '/home/robot/ros2_ws/install/protocol_stm32' for CMake module files
[1.824s] Level 1:colcon.colcon_core.environment:checking '/home/robot/ros2_ws/install/protocol_stm32' for CMake config files
[1.825s] Level 1:colcon.colcon_core.environment:checking '/home/robot/ros2_ws/install/protocol_stm32/lib'
[1.826s] Level 1:colcon.colcon_core.environment:checking '/home/robot/ros2_ws/install/protocol_stm32/bin'
[1.826s] Level 1:colcon.colcon_core.environment:checking '/home/robot/ros2_ws/install/protocol_stm32/lib/pkgconfig/protocol_stm32.pc'
[1.826s] Level 1:colcon.colcon_core.environment:checking '/home/robot/ros2_ws/install/protocol_stm32/lib/python3.10/site-packages'
[1.826s] Level 1:colcon.colcon_core.shell:create_environment_hook('protocol_stm32', 'pythonpath')
[1.827s] INFO:colcon.colcon_core.shell:Creating environment hook '/home/robot/ros2_ws/install/protocol_stm32/share/protocol_stm32/hook/pythonpath.ps1'
[1.827s] INFO:colcon.colcon_core.shell:Creating environment descriptor '/home/robot/ros2_ws/install/protocol_stm32/share/protocol_stm32/hook/pythonpath.dsv'
[1.828s] INFO:colcon.colcon_core.shell:Creating environment hook '/home/robot/ros2_ws/install/protocol_stm32/share/protocol_stm32/hook/pythonpath.sh'
[1.829s] Level 1:colcon.colcon_core.environment:checking '/home/robot/ros2_ws/install/protocol_stm32/bin'
[1.829s] Level 1:colcon.colcon_core.environment:create_environment_scripts_only(protocol_stm32)
[1.830s] INFO:colcon.colcon_core.shell:Creating package script '/home/robot/ros2_ws/install/protocol_stm32/share/protocol_stm32/package.ps1'
[1.832s] INFO:colcon.colcon_core.shell:Creating package descriptor '/home/robot/ros2_ws/install/protocol_stm32/share/protocol_stm32/package.dsv'
[1.835s] INFO:colcon.colcon_core.shell:Creating package script '/home/robot/ros2_ws/install/protocol_stm32/share/protocol_stm32/package.sh'
[1.838s] INFO:colcon.colcon_core.shell:Creating package script '/home/robot/ros2_ws/install/protocol_stm32/share/protocol_stm32/package.bash'
[1.843s] INFO:colcon.colcon_core.shell:Creating package script '/home/robot/ros2_ws/install/protocol_stm32/share/protocol_stm32/package.zsh'
[1.845s] Level 1:colcon.colcon_core.environment:create_file_with_runtime_dependencies(/home/robot/ros2_ws/install/protocol_stm32/share/colcon-core/packages/protocol_stm32)
[7.235s] DEBUG:colcon.colcon_core.event_handler.log_command:Invoked command in '/home/robot/ros2_ws/build/kiss_icp' returned '0': CMAKE_PREFIX_PATH=${CMAKE_PREFIX_PATH}:/home/robot/ros2_ws/install/protocol_stm32:/opt/ros/humble /usr/bin/cmake /home/robot/ros2_ws/src/kiss-icp/ros -DAMENT_CMAKE_SYMLINK_INSTALL=1 -DCMAKE_INSTALL_PREFIX=/home/robot/ros2_ws/install/kiss_icp
[7.238s] DEBUG:colcon.colcon_core.event_handler.log_command:Invoking command in '/home/robot/ros2_ws/build/kiss_icp': CMAKE_PREFIX_PATH=${CMAKE_PREFIX_PATH}:/home/robot/ros2_ws/install/protocol_stm32:/opt/ros/humble /usr/bin/cmake --build /home/robot/ros2_ws/build/kiss_icp -- -j4 -l4
[25.695s] DEBUG:colcon.colcon_core.event_handler.log_command:Invoked command in '/home/robot/ros2_ws/build/sllidar_ros2' returned '0': CMAKE_PREFIX_PATH=${CMAKE_PREFIX_PATH}:/home/robot/ros2_ws/install/protocol_stm32:/opt/ros/humble /usr/bin/cmake --build /home/robot/ros2_ws/build/sllidar_ros2 -- -j4 -l4
[25.706s] DEBUG:colcon.colcon_core.event_handler.log_command:Invoking command in '/home/robot/ros2_ws/build/sllidar_ros2': CMAKE_PREFIX_PATH=${CMAKE_PREFIX_PATH}:/home/robot/ros2_ws/install/protocol_stm32:/opt/ros/humble /usr/bin/cmake --install /home/robot/ros2_ws/build/sllidar_ros2
[25.735s] Level 1:colcon.colcon_core.environment:create_environment_scripts_only(sllidar_ros2)
[25.735s] Level 1:colcon.colcon_core.environment:checking '/home/robot/ros2_ws/install/sllidar_ros2' for CMake module files
[25.736s] DEBUG:colcon.colcon_core.event_handler.log_command:Invoked command in '/home/robot/ros2_ws/build/sllidar_ros2' returned '0': CMAKE_PREFIX_PATH=${CMAKE_PREFIX_PATH}:/home/robot/ros2_ws/install/protocol_stm32:/opt/ros/humble /usr/bin/cmake --install /home/robot/ros2_ws/build/sllidar_ros2
[25.736s] Level 1:colcon.colcon_core.environment:checking '/home/robot/ros2_ws/install/sllidar_ros2' for CMake config files
[25.737s] Level 1:colcon.colcon_core.shell:create_environment_hook('sllidar_ros2', 'cmake_prefix_path')
[25.737s] INFO:colcon.colcon_core.shell:Creating environment hook '/home/robot/ros2_ws/install/sllidar_ros2/share/sllidar_ros2/hook/cmake_prefix_path.ps1'
[25.737s] INFO:colcon.colcon_core.shell:Creating environment descriptor '/home/robot/ros2_ws/install/sllidar_ros2/share/sllidar_ros2/hook/cmake_prefix_path.dsv'
[25.738s] INFO:colcon.colcon_core.shell:Creating environment hook '/home/robot/ros2_ws/install/sllidar_ros2/share/sllidar_ros2/hook/cmake_prefix_path.sh'
[25.739s] Level 1:colcon.colcon_core.environment:checking '/home/robot/ros2_ws/install/sllidar_ros2/lib'
[25.739s] Level 1:colcon.colcon_core.environment:checking '/home/robot/ros2_ws/install/sllidar_ros2/bin'
[25.739s] Level 1:colcon.colcon_core.environment:checking '/home/robot/ros2_ws/install/sllidar_ros2/lib/pkgconfig/sllidar_ros2.pc'
[25.739s] Level 1:colcon.colcon_core.environment:checking '/home/robot/ros2_ws/install/sllidar_ros2/lib/python3.10/site-packages'
[25.739s] Level 1:colcon.colcon_core.environment:checking '/home/robot/ros2_ws/install/sllidar_ros2/bin'
[25.739s] INFO:colcon.colcon_core.shell:Creating package script '/home/robot/ros2_ws/install/sllidar_ros2/share/sllidar_ros2/package.ps1'
[25.740s] INFO:colcon.colcon_core.shell:Creating package descriptor '/home/robot/ros2_ws/install/sllidar_ros2/share/sllidar_ros2/package.dsv'
[25.740s] INFO:colcon.colcon_core.shell:Creating package script '/home/robot/ros2_ws/install/sllidar_ros2/share/sllidar_ros2/package.sh'
[25.741s] INFO:colcon.colcon_core.shell:Creating package script '/home/robot/ros2_ws/install/sllidar_ros2/share/sllidar_ros2/package.bash'
[25.741s] INFO:colcon.colcon_core.shell:Creating package script '/home/robot/ros2_ws/install/sllidar_ros2/share/sllidar_ros2/package.zsh'
[25.742s] Level 1:colcon.colcon_core.environment:create_file_with_runtime_dependencies(/home/robot/ros2_ws/install/sllidar_ros2/share/colcon-core/packages/sllidar_ros2)
[25.742s] Level 1:colcon.colcon_core.environment:create_environment_scripts_only(sllidar_ros2)
[25.743s] Level 1:colcon.colcon_core.environment:checking '/home/robot/ros2_ws/install/sllidar_ros2' for CMake module files
[25.743s] Level 1:colcon.colcon_core.environment:checking '/home/robot/ros2_ws/install/sllidar_ros2' for CMake config files
[25.744s] Level 1:colcon.colcon_core.shell:create_environment_hook('sllidar_ros2', 'cmake_prefix_path')
[25.744s] INFO:colcon.colcon_core.shell:Creating environment hook '/home/robot/ros2_ws/install/sllidar_ros2/share/sllidar_ros2/hook/cmake_prefix_path.ps1'
[25.744s] INFO:colcon.colcon_core.shell:Creating environment descriptor '/home/robot/ros2_ws/install/sllidar_ros2/share/sllidar_ros2/hook/cmake_prefix_path.dsv'
[25.745s] INFO:colcon.colcon_core.shell:Creating environment hook '/home/robot/ros2_ws/install/sllidar_ros2/share/sllidar_ros2/hook/cmake_prefix_path.sh'
[25.745s] Level 1:colcon.colcon_core.environment:checking '/home/robot/ros2_ws/install/sllidar_ros2/lib'
[25.746s] Level 1:colcon.colcon_core.environment:checking '/home/robot/ros2_ws/install/sllidar_ros2/bin'
[25.746s] Level 1:colcon.colcon_core.environment:checking '/home/robot/ros2_ws/install/sllidar_ros2/lib/pkgconfig/sllidar_ros2.pc'
[25.746s] Level 1:colcon.colcon_core.environment:checking '/home/robot/ros2_ws/install/sllidar_ros2/lib/python3.10/site-packages'
[25.746s] Level 1:colcon.colcon_core.environment:checking '/home/robot/ros2_ws/install/sllidar_ros2/bin'
[25.746s] INFO:colcon.colcon_core.shell:Creating package script '/home/robot/ros2_ws/install/sllidar_ros2/share/sllidar_ros2/package.ps1'
[25.747s] INFO:colcon.colcon_core.shell:Creating package descriptor '/home/robot/ros2_ws/install/sllidar_ros2/share/sllidar_ros2/package.dsv'
[25.747s] INFO:colcon.colcon_core.shell:Creating package script '/home/robot/ros2_ws/install/sllidar_ros2/share/sllidar_ros2/package.sh'
[25.748s] INFO:colcon.colcon_core.shell:Creating package script '/home/robot/ros2_ws/install/sllidar_ros2/share/sllidar_ros2/package.bash'
[25.748s] INFO:colcon.colcon_core.shell:Creating package script '/home/robot/ros2_ws/install/sllidar_ros2/share/sllidar_ros2/package.zsh'
[25.749s] Level 1:colcon.colcon_core.environment:create_file_with_runtime_dependencies(/home/robot/ros2_ws/install/sllidar_ros2/share/colcon-core/packages/sllidar_ros2)
[46.225s] DEBUG:colcon.colcon_core.event_handler.log_command:Invoked command in '/home/robot/ros2_ws/build/kiss_icp' returned '0': CMAKE_PREFIX_PATH=${CMAKE_PREFIX_PATH}:/home/robot/ros2_ws/install/protocol_stm32:/opt/ros/humble /usr/bin/cmake --build /home/robot/ros2_ws/build/kiss_icp -- -j4 -l4
[46.227s] DEBUG:colcon.colcon_core.event_handler.log_command:Invoking command in '/home/robot/ros2_ws/build/kiss_icp': CMAKE_PREFIX_PATH=${CMAKE_PREFIX_PATH}:/home/robot/ros2_ws/install/protocol_stm32:/opt/ros/humble /usr/bin/cmake --install /home/robot/ros2_ws/build/kiss_icp
[46.410s] Level 1:colcon.colcon_core.environment:create_environment_scripts_only(kiss_icp)
[46.411s] Level 1:colcon.colcon_core.environment:checking '/home/robot/ros2_ws/install/kiss_icp' for CMake module files
[46.411s] DEBUG:colcon.colcon_core.event_handler.log_command:Invoked command in '/home/robot/ros2_ws/build/kiss_icp' returned '0': CMAKE_PREFIX_PATH=${CMAKE_PREFIX_PATH}:/home/robot/ros2_ws/install/protocol_stm32:/opt/ros/humble /usr/bin/cmake --install /home/robot/ros2_ws/build/kiss_icp
[46.411s] Level 1:colcon.colcon_core.environment:checking '/home/robot/ros2_ws/install/kiss_icp' for CMake config files
[46.412s] Level 1:colcon.colcon_core.shell:create_environment_hook('kiss_icp', 'cmake_prefix_path')
[46.412s] INFO:colcon.colcon_core.shell:Creating environment hook '/home/robot/ros2_ws/install/kiss_icp/share/kiss_icp/hook/cmake_prefix_path.ps1'
[46.412s] INFO:colcon.colcon_core.shell:Creating environment descriptor '/home/robot/ros2_ws/install/kiss_icp/share/kiss_icp/hook/cmake_prefix_path.dsv'
[46.413s] INFO:colcon.colcon_core.shell:Creating environment hook '/home/robot/ros2_ws/install/kiss_icp/share/kiss_icp/hook/cmake_prefix_path.sh'
[46.413s] Level 1:colcon.colcon_core.environment:checking '/home/robot/ros2_ws/install/kiss_icp/lib'
[46.413s] Level 1:colcon.colcon_core.shell:create_environment_hook('kiss_icp', 'ld_library_path_lib')
[46.413s] INFO:colcon.colcon_core.shell:Creating environment hook '/home/robot/ros2_ws/install/kiss_icp/share/kiss_icp/hook/ld_library_path_lib.ps1'
[46.414s] INFO:colcon.colcon_core.shell:Creating environment descriptor '/home/robot/ros2_ws/install/kiss_icp/share/kiss_icp/hook/ld_library_path_lib.dsv'
[46.414s] INFO:colcon.colcon_core.shell:Creating environment hook '/home/robot/ros2_ws/install/kiss_icp/share/kiss_icp/hook/ld_library_path_lib.sh'
[46.414s] Level 1:colcon.colcon_core.environment:checking '/home/robot/ros2_ws/install/kiss_icp/bin'
[46.414s] Level 1:colcon.colcon_core.environment:checking '/home/robot/ros2_ws/install/kiss_icp/lib/pkgconfig/kiss_icp.pc'
[46.415s] Level 1:colcon.colcon_core.environment:checking '/home/robot/ros2_ws/install/kiss_icp/lib/python3.10/site-packages'
[46.415s] Level 1:colcon.colcon_core.environment:checking '/home/robot/ros2_ws/install/kiss_icp/bin'
[46.415s] INFO:colcon.colcon_core.shell:Creating package script '/home/robot/ros2_ws/install/kiss_icp/share/kiss_icp/package.ps1'
[46.416s] INFO:colcon.colcon_core.shell:Creating package descriptor '/home/robot/ros2_ws/install/kiss_icp/share/kiss_icp/package.dsv'
[46.416s] INFO:colcon.colcon_core.shell:Creating package script '/home/robot/ros2_ws/install/kiss_icp/share/kiss_icp/package.sh'
[46.417s] INFO:colcon.colcon_core.shell:Creating package script '/home/robot/ros2_ws/install/kiss_icp/share/kiss_icp/package.bash'
[46.417s] INFO:colcon.colcon_core.shell:Creating package script '/home/robot/ros2_ws/install/kiss_icp/share/kiss_icp/package.zsh'
[46.417s] Level 1:colcon.colcon_core.environment:create_file_with_runtime_dependencies(/home/robot/ros2_ws/install/kiss_icp/share/colcon-core/packages/kiss_icp)
[46.418s] Level 1:colcon.colcon_core.environment:create_environment_scripts_only(kiss_icp)
[46.418s] Level 1:colcon.colcon_core.environment:checking '/home/robot/ros2_ws/install/kiss_icp' for CMake module files
[46.418s] Level 1:colcon.colcon_core.environment:checking '/home/robot/ros2_ws/install/kiss_icp' for CMake config files
[46.419s] Level 1:colcon.colcon_core.shell:create_environment_hook('kiss_icp', 'cmake_prefix_path')
[46.419s] INFO:colcon.colcon_core.shell:Creating environment hook '/home/robot/ros2_ws/install/kiss_icp/share/kiss_icp/hook/cmake_prefix_path.ps1'
[46.419s] INFO:colcon.colcon_core.shell:Creating environment descriptor '/home/robot/ros2_ws/install/kiss_icp/share/kiss_icp/hook/cmake_prefix_path.dsv'
[46.419s] INFO:colcon.colcon_core.shell:Creating environment hook '/home/robot/ros2_ws/install/kiss_icp/share/kiss_icp/hook/cmake_prefix_path.sh'
[46.420s] Level 1:colcon.colcon_core.environment:checking '/home/robot/ros2_ws/install/kiss_icp/lib'
[46.420s] Level 1:colcon.colcon_core.shell:create_environment_hook('kiss_icp', 'ld_library_path_lib')
[46.420s] INFO:colcon.colcon_core.shell:Creating environment hook '/home/robot/ros2_ws/install/kiss_icp/share/kiss_icp/hook/ld_library_path_lib.ps1'
[46.421s] INFO:colcon.colcon_core.shell:Creating environment descriptor '/home/robot/ros2_ws/install/kiss_icp/share/kiss_icp/hook/ld_library_path_lib.dsv'
[46.421s] INFO:colcon.colcon_core.shell:Creating environment hook '/home/robot/ros2_ws/install/kiss_icp/share/kiss_icp/hook/ld_library_path_lib.sh'
[46.421s] Level 1:colcon.colcon_core.environment:checking '/home/robot/ros2_ws/install/kiss_icp/bin'
[46.421s] Level 1:colcon.colcon_core.environment:checking '/home/robot/ros2_ws/install/kiss_icp/lib/pkgconfig/kiss_icp.pc'
[46.422s] Level 1:colcon.colcon_core.environment:checking '/home/robot/ros2_ws/install/kiss_icp/lib/python3.10/site-packages'
[46.422s] Level 1:colcon.colcon_core.environment:checking '/home/robot/ros2_ws/install/kiss_icp/bin'
[46.422s] INFO:colcon.colcon_core.shell:Creating package script '/home/robot/ros2_ws/install/kiss_icp/share/kiss_icp/package.ps1'
[46.423s] INFO:colcon.colcon_core.shell:Creating package descriptor '/home/robot/ros2_ws/install/kiss_icp/share/kiss_icp/package.dsv'
[46.423s] INFO:colcon.colcon_core.shell:Creating package script '/home/robot/ros2_ws/install/kiss_icp/share/kiss_icp/package.sh'
[46.423s] INFO:colcon.colcon_core.shell:Creating package script '/home/robot/ros2_ws/install/kiss_icp/share/kiss_icp/package.bash'
[46.424s] INFO:colcon.colcon_core.shell:Creating package script '/home/robot/ros2_ws/install/kiss_icp/share/kiss_icp/package.zsh'
[46.424s] Level 1:colcon.colcon_core.environment:create_file_with_runtime_dependencies(/home/robot/ros2_ws/install/kiss_icp/share/colcon-core/packages/kiss_icp)
[46.424s] DEBUG:colcon.colcon_parallel_executor.executor.parallel:closing loop
[46.425s] DEBUG:colcon.colcon_parallel_executor.executor.parallel:loop closed
[46.425s] DEBUG:colcon.colcon_parallel_executor.executor.parallel:run_until_complete finished with '0'
[46.425s] DEBUG:colcon.colcon_core.event_reactor:joining thread
[46.430s] INFO:colcon.colcon_core.plugin_system:Skipping extension 'colcon_notification.desktop_notification.terminal_notifier': Not used on non-Darwin systems
[46.431s] INFO:colcon.colcon_core.plugin_system:Skipping extension 'colcon_notification.desktop_notification.win32': Not used on non-Windows systems
[46.431s] INFO:colcon.colcon_notification.desktop_notification:Sending desktop notification using 'notify2'
[46.452s] DEBUG:colcon.colcon_core.event_reactor:joined thread
[46.452s] INFO:colcon.colcon_core.shell:Creating prefix script '/home/robot/ros2_ws/install/local_setup.ps1'
[46.453s] INFO:colcon.colcon_core.shell:Creating prefix util module '/home/robot/ros2_ws/install/_local_setup_util_ps1.py'
[46.455s] INFO:colcon.colcon_core.shell:Creating prefix chain script '/home/robot/ros2_ws/install/setup.ps1'
[46.456s] INFO:colcon.colcon_core.shell:Creating prefix script '/home/robot/ros2_ws/install/local_setup.sh'
[46.457s] INFO:colcon.colcon_core.shell:Creating prefix util module '/home/robot/ros2_ws/install/_local_setup_util_sh.py'
[46.458s] INFO:colcon.colcon_core.shell:Creating prefix chain script '/home/robot/ros2_ws/install/setup.sh'
[46.459s] INFO:colcon.colcon_core.shell:Creating prefix script '/home/robot/ros2_ws/install/local_setup.bash'
[46.459s] INFO:colcon.colcon_core.shell:Creating prefix chain script '/home/robot/ros2_ws/install/setup.bash'
[46.460s] INFO:colcon.colcon_core.shell:Creating prefix script '/home/robot/ros2_ws/install/local_setup.zsh'
[46.461s] INFO:colcon.colcon_core.shell:Creating prefix chain script '/home/robot/ros2_ws/install/setup.zsh'
