running egg_info
creating ../../build/protocol_stm32/protocol_stm32.egg-info
writing ../../build/protocol_stm32/protocol_stm32.egg-info/PKG-INFO
writing dependency_links to ../../build/protocol_stm32/protocol_stm32.egg-info/dependency_links.txt
writing entry points to ../../build/protocol_stm32/protocol_stm32.egg-info/entry_points.txt
writing requirements to ../../build/protocol_stm32/protocol_stm32.egg-info/requires.txt
writing top-level names to ../../build/protocol_stm32/protocol_stm32.egg-info/top_level.txt
writing manifest file '../../build/protocol_stm32/protocol_stm32.egg-info/SOURCES.txt'
reading manifest file '../../build/protocol_stm32/protocol_stm32.egg-info/SOURCES.txt'
writing manifest file '../../build/protocol_stm32/protocol_stm32.egg-info/SOURCES.txt'
running build
running build_py
creating /home/robot/ros2_ws/build/protocol_stm32/build
creating /home/robot/ros2_ws/build/protocol_stm32/build/lib
creating /home/robot/ros2_ws/build/protocol_stm32/build/lib/protocol_stm32
copying protocol_stm32/__init__.py -> /home/robot/ros2_ws/build/protocol_stm32/build/lib/protocol_stm32
running install
running install_lib
creating /home/robot/ros2_ws/install/protocol_stm32/lib/python3.10/site-packages/protocol_stm32
copying /home/robot/ros2_ws/build/protocol_stm32/build/lib/protocol_stm32/__init__.py -> /home/robot/ros2_ws/install/protocol_stm32/lib/python3.10/site-packages/protocol_stm32
byte-compiling /home/robot/ros2_ws/install/protocol_stm32/lib/python3.10/site-packages/protocol_stm32/__init__.py to __init__.cpython-310.pyc
running install_data
creating /home/robot/ros2_ws/install/protocol_stm32/share/ament_index
creating /home/robot/ros2_ws/install/protocol_stm32/share/ament_index/resource_index
creating /home/robot/ros2_ws/install/protocol_stm32/share/ament_index/resource_index/packages
copying resource/protocol_stm32 -> /home/robot/ros2_ws/install/protocol_stm32/share/ament_index/resource_index/packages
copying package.xml -> /home/robot/ros2_ws/install/protocol_stm32/share/protocol_stm32
running install_egg_info
Copying ../../build/protocol_stm32/protocol_stm32.egg-info to /home/robot/ros2_ws/install/protocol_stm32/lib/python3.10/site-packages/protocol_stm32-0.0.0-py3.10.egg-info
running install_scripts
writing list of installed files to '/home/robot/ros2_ws/build/protocol_stm32/install.log'
