[0.611s] Invoking command in '/home/robot/ros2_ws/src/protocol_stm32': PYTHONPATH=/home/robot/ros2_ws/build/protocol_stm32/prefix_override:/usr/lib/python3/dist-packages/colcon_core/task/python/colcon_distutils_commands:/home/robot/ros2_ws/install/protocol_stm32/lib/python3.10/site-packages:${PYTHONPATH} /usr/bin/python3 -W ignore:setup.py install is deprecated setup.py egg_info --egg-base ../../build/protocol_stm32 build --build-base /home/robot/ros2_ws/build/protocol_stm32/build install --record /home/robot/ros2_ws/build/protocol_stm32/install.log --single-version-externally-managed install_data
[0.830s] running egg_info
[0.831s] creating ../../build/protocol_stm32/protocol_stm32.egg-info
[0.831s] writing ../../build/protocol_stm32/protocol_stm32.egg-info/PKG-INFO
[0.831s] writing dependency_links to ../../build/protocol_stm32/protocol_stm32.egg-info/dependency_links.txt
[0.831s] writing entry points to ../../build/protocol_stm32/protocol_stm32.egg-info/entry_points.txt
[0.831s] writing requirements to ../../build/protocol_stm32/protocol_stm32.egg-info/requires.txt
[0.832s] writing top-level names to ../../build/protocol_stm32/protocol_stm32.egg-info/top_level.txt
[0.832s] writing manifest file '../../build/protocol_stm32/protocol_stm32.egg-info/SOURCES.txt'
[0.833s] reading manifest file '../../build/protocol_stm32/protocol_stm32.egg-info/SOURCES.txt'
[0.834s] writing manifest file '../../build/protocol_stm32/protocol_stm32.egg-info/SOURCES.txt'
[0.835s] running build
[0.835s] running build_py
[0.835s] creating /home/robot/ros2_ws/build/protocol_stm32/build
[0.835s] creating /home/robot/ros2_ws/build/protocol_stm32/build/lib
[0.835s] creating /home/robot/ros2_ws/build/protocol_stm32/build/lib/protocol_stm32
[0.835s] copying protocol_stm32/__init__.py -> /home/robot/ros2_ws/build/protocol_stm32/build/lib/protocol_stm32
[0.836s] running install
[0.836s] running install_lib
[0.836s] creating /home/robot/ros2_ws/install/protocol_stm32/lib/python3.10/site-packages/protocol_stm32
[0.837s] copying /home/robot/ros2_ws/build/protocol_stm32/build/lib/protocol_stm32/__init__.py -> /home/robot/ros2_ws/install/protocol_stm32/lib/python3.10/site-packages/protocol_stm32
[0.837s] byte-compiling /home/robot/ros2_ws/install/protocol_stm32/lib/python3.10/site-packages/protocol_stm32/__init__.py to __init__.cpython-310.pyc
[0.837s] running install_data
[0.837s] creating /home/robot/ros2_ws/install/protocol_stm32/share/ament_index
[0.838s] creating /home/robot/ros2_ws/install/protocol_stm32/share/ament_index/resource_index
[0.838s] creating /home/robot/ros2_ws/install/protocol_stm32/share/ament_index/resource_index/packages
[0.838s] copying resource/protocol_stm32 -> /home/robot/ros2_ws/install/protocol_stm32/share/ament_index/resource_index/packages
[0.838s] copying package.xml -> /home/robot/ros2_ws/install/protocol_stm32/share/protocol_stm32
[0.838s] running install_egg_info
[0.840s] Copying ../../build/protocol_stm32/protocol_stm32.egg-info to /home/robot/ros2_ws/install/protocol_stm32/lib/python3.10/site-packages/protocol_stm32-0.0.0-py3.10.egg-info
[0.841s] running install_scripts
[0.860s] writing list of installed files to '/home/robot/ros2_ws/build/protocol_stm32/install.log'
[0.888s] Invoked command in '/home/robot/ros2_ws/src/protocol_stm32' returned '0': PYTHONPATH=/home/robot/ros2_ws/build/protocol_stm32/prefix_override:/usr/lib/python3/dist-packages/colcon_core/task/python/colcon_distutils_commands:/home/robot/ros2_ws/install/protocol_stm32/lib/python3.10/site-packages:${PYTHONPATH} /usr/bin/python3 -W ignore:setup.py install is deprecated setup.py egg_info --egg-base ../../build/protocol_stm32 build --build-base /home/robot/ros2_ws/build/protocol_stm32/build install --record /home/robot/ros2_ws/build/protocol_stm32/install.log --single-version-externally-managed install_data
